#
# There is insufficient memory for the Java Runtime Environment to continue.
# Native memory allocation (malloc) failed to allocate 160088 bytes for AllocateHeap
# Possible reasons:
#   The system is out of physical RAM or swap space
#   The process is running with CompressedOops enabled, and the Java Heap may be blocking the growth of the native heap
# Possible solutions:
#   Reduce memory load on the system
#   Increase physical memory or swap space
#   Check if swap backing store is full
#   Decrease Java heap size (-Xmx/-Xms)
#   Decrease number of Java threads
#   Decrease Java thread stack sizes (-Xss)
#   Set larger code cache with -XX:ReservedCodeCacheSize=
#   JVM is running with Zero Based Compressed Oops mode in which the Java heap is
#     placed in the first 32GB address space. The Java Heap base address is the
#     maximum limit for the native heap growth. Please use -XX:HeapBaseMinAddress
#     to set the Java Heap base and to place the Java Heap above 32GB virtual address.
# This output file may be truncated or incomplete.
#
#  Out of Memory Error (memory/allocation.inline.hpp:63), pid=12792, tid=16388
#
# JRE version:  (10.0.1+10) (build )
# Java VM: Java HotSpot(TM) 64-Bit Server VM (10.0.1+10, mixed mode, tiered, compressed oops, g1 gc, windows-amd64)
# No core dump will be written. Minidumps are not enabled by default on client versions of Windows
#

---------------  S U M M A R Y ------------

Command Line: -Dmaven.multiModuleProjectDirectory=F:\JavaIntelliJ2019\apicreator -Dmaven.home=C:\Program Files\JetBrains\IntelliJ IDEA 2018.2.3\plugins\maven\lib\maven3 -Dclassworlds.conf=C:\Program Files\JetBrains\IntelliJ IDEA 2018.2.3\plugins\maven\lib\maven3\bin\m2.conf -javaagent:C:\Program Files\JetBrains\IntelliJ IDEA 2018.2.3\lib\idea_rt.jar=54030:C:\Program Files\JetBrains\IntelliJ IDEA 2018.2.3\bin -Dfile.encoding=UTF-8 org.codehaus.classworlds.Launcher -Didea.version=2018.2.3 spring-boot:run

Host: Intel(R) Core(TM) i5-3470 CPU @ 3.20GHz, 4 cores, 15G,  Windows 10 , 64 bit Build 17134 (10.0.17134.1)
Time: Sat Feb 09 17:35:57 2019 ?rodkowoeuropejski czas stand. elapsed time: 0 seconds (0d 0h 0m 0s)

---------------  T H R E A D  ---------------

Current thread (0x000001da6110a000):  JavaThread "Unknown thread" [_thread_in_vm, id=16388, stack(0x00000095c4c00000,0x00000095c4d00000)]

Stack: [0x00000095c4c00000,0x00000095c4d00000]
Native frames: (J=compiled Java code, j=interpreted, Vv=VM code, C=native code)
V  [jvm.dll+0x5a0369]
V  [jvm.dll+0x6bcf81]
V  [jvm.dll+0x6be176]
V  [jvm.dll+0x6be803]
V  [jvm.dll+0x234998]
V  [jvm.dll+0x29b9ca]
V  [jvm.dll+0x55442c]
V  [jvm.dll+0x69ec6a]
V  [jvm.dll+0x351849]
V  [jvm.dll+0x6859c2]
V  [jvm.dll+0x3ba0a3]
V  [jvm.dll+0x3bc201]
C  [java.exe+0x3531]
C  [java.exe+0xe1af]
C  [java.exe+0xe356]
C  [KERNEL32.DLL+0x13034]
C  [ntdll.dll+0x73691]


---------------  P R O C E S S  ---------------

Threads class SMR info:
_java_thread_list=0x000001da6100a340, length=0, elements={
}

Java Threads: ( => current thread )

Other Threads:
  0x000001da61123000 GCTaskThread "GC Thread#0" [stack: 0x00000095c4d00000,0x00000095c4e00000] [id=6284]
  0x000001da61124800 GCTaskThread "GC Thread#1" [stack: 0x00000095c4e00000,0x00000095c4f00000] [id=4492]
  0x000001da61127000 GCTaskThread "GC Thread#2" [stack: 0x00000095c4f00000,0x00000095c5000000] [id=8152]
  0x000001da6112d800 GCTaskThread "GC Thread#3" [stack: 0x00000095c5000000,0x00000095c5100000] [id=15996]
  0x000001da6117f000 ConcurrentGCThread "G1 Main Marker" [stack: 0x00000095c5100000,0x00000095c5200000] [id=17900]
  0x000001da61182000 ConcurrentGCThread "G1 Conc#0" [stack: 0x00000095c5200000,0x00000095c5300000] [id=13492]
  0x000001da7eb9b800 ConcurrentGCThread "G1 Refine#0" [stack: 0x00000095c5300000,0x00000095c5400000] [id=1188]
  0x000001da7eba4800 ConcurrentGCThread "G1 Refine#1" [stack: 0x00000095c5400000,0x00000095c5500000] [id=7096]
  0x000001da7eba5800 ConcurrentGCThread "G1 Refine#2" [stack: 0x00000095c5500000,0x00000095c5600000] [id=15356]
  0x000001da7eba6800 ConcurrentGCThread "G1 Refine#3" [stack: 0x00000095c5600000,0x00000095c5700000] [id=5652]
  0x000001da7ebaa800 ConcurrentGCThread "G1 Young RemSet Sampling" [stack: 0x00000095c5700000,0x00000095c5800000] [id=6660]

=>0x000001da6110a000 (exited) JavaThread "Unknown thread" [_thread_in_vm, id=16388, stack(0x00000095c4c00000,0x00000095c4d00000)]

Threads with active compile tasks:

VM state:not at safepoint (not fully initialized)

VM Mutex/Monitor currently owned by a thread: None

Heap address: 0x00000006c0800000, size: 4088 MB, Compressed Oops mode: Zero based, Oop shift amount: 3
Narrow klass base: 0x0000000000000000, Narrow klass shift: 3
Compressed class space size: 1073741824 Address: 0x00000007c0000000

GC Heap History (0 events):
No events

Deoptimization events (0 events):
No events

Classes redefined (0 events):
No events

Internal exceptions (0 events):
No events

Events (0 events):
No events


Dynamic libraries:
0x00007ff6b6230000 - 0x00007ff6b626e000 	C:\Program Files\Java\jdk-10.0.1\bin\java.exe
0x00007ff914270000 - 0x00007ff914451000 	C:\WINDOWS\SYSTEM32\ntdll.dll
0x00007ff8f82e0000 - 0x00007ff8f82f2000 	C:\Program Files\AVAST Software\Avast\aswhook.dll
0x00007ff913240000 - 0x00007ff9132f2000 	C:\WINDOWS\System32\KERNEL32.DLL
0x00007ff9110a0000 - 0x00007ff911313000 	C:\WINDOWS\System32\KERNELBASE.dll
0x00007ff913010000 - 0x00007ff9130b1000 	C:\WINDOWS\System32\ADVAPI32.dll
0x00007ff913300000 - 0x00007ff91339e000 	C:\WINDOWS\System32\msvcrt.dll
0x00007ff912fb0000 - 0x00007ff91300b000 	C:\WINDOWS\System32\sechost.dll
0x00007ff913e90000 - 0x00007ff913fb4000 	C:\WINDOWS\System32\RPCRT4.dll
0x00007ff9140b0000 - 0x00007ff914240000 	C:\WINDOWS\System32\USER32.dll
0x00007ff910f20000 - 0x00007ff910f40000 	C:\WINDOWS\System32\win32u.dll
0x00007ff912f80000 - 0x00007ff912fa8000 	C:\WINDOWS\System32\GDI32.dll
0x00007ff911560000 - 0x00007ff9116f2000 	C:\WINDOWS\System32\gdi32full.dll
0x00007ff910dd0000 - 0x00007ff910e6f000 	C:\WINDOWS\System32\msvcp_win.dll
0x00007ff910f40000 - 0x00007ff91103a000 	C:\WINDOWS\System32\ucrtbase.dll
0x00007ff9088f0000 - 0x00007ff908b59000 	C:\WINDOWS\WinSxS\amd64_microsoft.windows.common-controls_6595b64144ccf1df_6.0.17134.523_none_fb409dd930672a56\COMCTL32.dll
0x00007ff913950000 - 0x00007ff913c72000 	C:\WINDOWS\System32\combase.dll
0x00007ff910640000 - 0x00007ff9106ba000 	C:\WINDOWS\System32\bcryptPrimitives.dll
0x00007ff90b4d0000 - 0x00007ff90b4da000 	C:\WINDOWS\SYSTEM32\VERSION.dll
0x00007ff911920000 - 0x00007ff91194d000 	C:\WINDOWS\System32\IMM32.DLL
0x00007ff8ddc80000 - 0x00007ff8ddd6f000 	C:\Program Files\Java\jdk-10.0.1\bin\msvcr120.dll
0x00007ff8e42a0000 - 0x00007ff8e4346000 	C:\Program Files\Java\jdk-10.0.1\bin\msvcp120.dll
0x0000000069760000 - 0x000000006a1d0000 	C:\Program Files\Java\jdk-10.0.1\bin\server\jvm.dll
0x00007ff911910000 - 0x00007ff911918000 	C:\WINDOWS\System32\PSAPI.DLL
0x00007ff901590000 - 0x00007ff901599000 	C:\WINDOWS\SYSTEM32\WSOCK32.dll
0x00007ff913c80000 - 0x00007ff913cec000 	C:\WINDOWS\System32\WS2_32.dll
0x00007ff90cf90000 - 0x00007ff90cfb3000 	C:\WINDOWS\SYSTEM32\WINMM.dll
0x00007ff90cf60000 - 0x00007ff90cf8a000 	C:\WINDOWS\SYSTEM32\WINMMBASE.dll
0x00007ff911320000 - 0x00007ff911369000 	C:\WINDOWS\System32\cfgmgr32.dll
0x00007ff906450000 - 0x00007ff90645f000 	C:\Program Files\Java\jdk-10.0.1\bin\verify.dll
0x00007ff900800000 - 0x00007ff9009c9000 	C:\WINDOWS\SYSTEM32\DBGHELP.DLL
0x00007ff9009f0000 - 0x00007ff900a19000 	C:\WINDOWS\SYSTEM32\dbgcore.DLL
0x00007ff8fa990000 - 0x00007ff8fa9b7000 	C:\Program Files\Java\jdk-10.0.1\bin\java.dll
0x00007ff8fd370000 - 0x00007ff8fd39a000 	C:\Program Files\Java\jdk-10.0.1\bin\instrument.dll
0x00007ff8f8be0000 - 0x00007ff8f8bf6000 	C:\Program Files\Java\jdk-10.0.1\bin\zip.dll
0x00007ff906320000 - 0x00007ff90632a000 	C:\Program Files\Java\jdk-10.0.1\bin\jimage.dll

dbghelp: loaded successfully - version: 4.0.5 - missing functions: none
symbol engine: initialized successfully - sym options: 0x614 - pdb path: .;C:\Program Files\Java\jdk-10.0.1\bin;C:\WINDOWS\SYSTEM32;C:\Program Files\AVAST Software\Avast;C:\WINDOWS\WinSxS\amd64_microsoft.windows.common-controls_6595b64144ccf1df_6.0.17134.523_none_fb409dd930672a56;C:\Program Files\Java\jdk-10.0.1\bin\server

VM Arguments:
jvm_args: -Dmaven.multiModuleProjectDirectory=F:\JavaIntelliJ2019\apicreator -Dmaven.home=C:\Program Files\JetBrains\IntelliJ IDEA 2018.2.3\plugins\maven\lib\maven3 -Dclassworlds.conf=C:\Program Files\JetBrains\IntelliJ IDEA 2018.2.3\plugins\maven\lib\maven3\bin\m2.conf -javaagent:C:\Program Files\JetBrains\IntelliJ IDEA 2018.2.3\lib\idea_rt.jar=54030:C:\Program Files\JetBrains\IntelliJ IDEA 2018.2.3\bin -Dfile.encoding=UTF-8 
java_command: org.codehaus.classworlds.Launcher -Didea.version=2018.2.3 spring-boot:run
java_class_path (initial): C:\Program Files\JetBrains\IntelliJ IDEA 2018.2.3\plugins\maven\lib\maven3\boot\plexus-classworlds-2.5.2.jar
Launcher Type: SUN_STANDARD

Logging:
Log output configuration:
#0: stdout all=warning uptime,level,tags
#1: stderr all=off uptime,level,tags

Environment Variables:
JAVA_HOME=C:\Program Files\Java\jdk-10.0.1
PATH=C:\Program Files\NVIDIA GPU Computing Toolkit\CUDA\v10.0\bin;C:\Program Files\NVIDIA GPU Computing Toolkit\CUDA\v10.0\libnvvp;C:\Program Files (x86)\Common Files\Oracle\Java\javapath;C:\ProgramData\Oracle\Java\javapath;C:\WINDOWS\system32;C:\WINDOWS;C:\WINDOWS\System32\Wbem;C:\WINDOWS\System32\WindowsPowerShell\v1.0\;C:\Program Files (x86)\ATI Technologies\ATI.ACE\Core-Static;C:\Program Files (x86)\AMD\ATI.ACE\Core-Static;C:\gradle-4.4\bin;C:\Program Files (x86)\NVIDIA Corporation\PhysX\Common;F:\AOMEI Backupper;C:\apache-maven-3.5.3-bin\apache-maven-3.5.3\bin;C:\WINDOWS\system32;C:\WINDOWS;C:\WINDOWS\System32\Wbem;C:\WINDOWS\System32\WindowsPowerShell\v1.0\;C:\WINDOWS\System32\OpenSSH\;C:\Program Files\Git\cmd;C:\Program Files\Java\jdk-10.0.1;C:\Python36;C:\Gradle\gradle-5.1.1\bin;C:\Program Files (x86)\Common Files\Oracle\Java\javapath;C:\ProgramData\Oracle\Java\javapath;C:\WINDOWS\system32;C:\WINDOWS;C:\WINDOWS\System32\Wbem;C:\WINDOWS\System32\WindowsPowerShell\v1.0\;C:\Program Files (x86)\ATI Technologies\ATI.ACE\Core-Static;C:\Program Files (x86)\AMD\ATI.ACE\Core-Static;C:\gradle-4.4\bin;C:\Program Files (x86)\NVIDIA Corporation\PhysX\Common;F:\AOMEI Backupper;C:\apache-maven-3.5.3-bin\apache-maven-3.5.3\bin;C:\WINDOWS\system32;C:\WINDOWS;C:\WINDOWS\System32\Wbem;C:\WINDOWS\System32\WindowsPowerShell\v1.0\;C:\WINDOWS\System32\OpenSSH\;C:\Program Files\Git\cmd;C:\Program Files\Java\jdk-10.0.1;C:\Program Files (x86)\Common Files\Oracle\Java\javapath;C:\ProgramData\Oracle\Java\javapath;C:\WINDOWS\system32;C:\WINDOWS;C:\WINDOWS\System32\Wbem;C:\WINDOWS\System32\WindowsPowerShell\v1.0\;C:\Program Files (x86)\ATI Technologies\ATI.ACE\Core-Static;C:\Program Files (x86)\AMD\ATI.ACE\Core-Static;C:\gradle-4.4\bin;C:\Program Files (x86)\NVIDIA Corporation\PhysX\Common;F:\AOMEI Backupper;C:\a;C:\Python36\Scripts;C:\Python36;C:\Gradle\gradle-5.1.1\bin;
USERNAME=Jarek
OS=Windows_NT
PROCESSOR_IDENTIFIER=Intel64 Family 6 Model 58 Stepping 9, GenuineIntel



---------------  S Y S T E M  ---------------

OS: Windows 10 , 64 bit Build 17134 (10.0.17134.1)

CPU:total 4 (initial active 4) (4 cores per cpu, 1 threads per core) family 6 model 58 stepping 9, cmov, cx8, fxsr, mmx, sse, sse2, sse3, ssse3, sse4.1, sse4.2, popcnt, avx, aes, clmul, erms, tsc, tscinvbit, tscinv

Memory: 4k page, physical 16737808k(6956832k free), swap 19707408k(4092k free)

vm_info: Java HotSpot(TM) 64-Bit Server VM (10.0.1+10) for windows-amd64 JRE (10.0.1+10), built on Mar 27 2018 02:27:48 by "mach5one" with MS VC++ 12.0 (VS2013)

END.
