#
# There is insufficient memory for the Java Runtime Environment to continue.
# Native memory allocation (malloc) failed to allocate 122576 bytes for Chunk::new
# Possible reasons:
#   The system is out of physical RAM or swap space
#   The process is running with CompressedOops enabled, and the Java Heap may be blocking the growth of the native heap
# Possible solutions:
#   Reduce memory load on the system
#   Increase physical memory or swap space
#   Check if swap backing store is full
#   Decrease Java heap size (-Xmx/-Xms)
#   Decrease number of Java threads
#   Decrease Java thread stack sizes (-Xss)
#   Set larger code cache with -XX:ReservedCodeCacheSize=
#   JVM is running with Zero Based Compressed Oops mode in which the Java heap is
#     placed in the first 32GB address space. The Java Heap base address is the
#     maximum limit for the native heap growth. Please use -XX:HeapBaseMinAddress
#     to set the Java Heap base and to place the Java Heap above 32GB virtual address.
# This output file may be truncated or incomplete.
#
#  Out of Memory Error (t:/workspace/open/src/hotspot/share/memory/arena.cpp:198), pid=17028, tid=7508
#
# JRE version: Java(TM) SE Runtime Environment (10.0.1+10) (build 10.0.1+10)
# Java VM: Java HotSpot(TM) 64-Bit Server VM (10.0.1+10, mixed mode, tiered, compressed oops, g1 gc, windows-amd64)
# No core dump will be written. Minidumps are not enabled by default on client versions of Windows
#

---------------  S U M M A R Y ------------

Command Line: -Dmaven.multiModuleProjectDirectory=F:\JavaIntelliJ2019\apicreator -Dmaven.home=C:\Program Files\JetBrains\IntelliJ IDEA 2018.2.3\plugins\maven\lib\maven3 -Dclassworlds.conf=C:\Program Files\JetBrains\IntelliJ IDEA 2018.2.3\plugins\maven\lib\maven3\bin\m2.conf -javaagent:C:\Program Files\JetBrains\IntelliJ IDEA 2018.2.3\lib\idea_rt.jar=54671:C:\Program Files\JetBrains\IntelliJ IDEA 2018.2.3\bin -Dfile.encoding=UTF-8 org.codehaus.classworlds.Launcher -Didea.version=2018.2.3 spring-boot:run

Host: Intel(R) Core(TM) i5-3470 CPU @ 3.20GHz, 4 cores, 15G,  Windows 10 , 64 bit Build 17134 (10.0.17134.1)
Time: Sat Feb 09 17:43:14 2019 ?rodkowoeuropejski czas stand. elapsed time: 7 seconds (0d 0h 0m 7s)

---------------  T H R E A D  ---------------

Current thread (0x0000021fa718b000):  JavaThread "C2 CompilerThread1" daemon [_thread_in_native, id=7508, stack(0x0000002637100000,0x0000002637200000)]


Current CompileTask:
C2:   7226 4817       4       java.time.LocalDateTime::plusSeconds (14 bytes)

Stack: [0x0000002637100000,0x0000002637200000]
Native frames: (J=compiled Java code, j=interpreted, Vv=VM code, C=native code)
V  [jvm.dll+0x5a0369]
V  [jvm.dll+0x6bcf81]
V  [jvm.dll+0x6be176]
V  [jvm.dll+0x6be803]
V  [jvm.dll+0x234998]
V  [jvm.dll+0xbb92c]
V  [jvm.dll+0xbbe2c]
V  [jvm.dll+0x34bd41]
V  [jvm.dll+0x310efa]
V  [jvm.dll+0x31048a]
V  [jvm.dll+0x1ffde1]
V  [jvm.dll+0x1ff066]
V  [jvm.dll+0x17ca6b]
V  [jvm.dll+0x20c81d]
V  [jvm.dll+0x20b5e6]
V  [jvm.dll+0x68bb6f]
V  [jvm.dll+0x59f680]
C  [msvcr120.dll+0x24f7f]
C  [msvcr120.dll+0x25126]
C  [KERNEL32.DLL+0x13034]
C  [ntdll.dll+0x73691]


---------------  P R O C E S S  ---------------

Threads class SMR info:
_java_thread_list=0x0000021fa7659c20, length=12, elements={
0x0000021fff9ca000, 0x0000021fa70d6800, 0x0000021fa70d7800, 0x0000021fa70cf000,
0x0000021fa70d0000, 0x0000021fa7122800, 0x0000021fa718b000, 0x0000021fa718b800,
0x0000021fa718c800, 0x0000021fa7678000, 0x0000021fa75e2000, 0x0000021fa765d000
}

Java Threads: ( => current thread )
  0x0000021fff9ca000 JavaThread "main" [_thread_in_native, id=17596, stack(0x0000002635f00000,0x0000002636000000)]
  0x0000021fa70d6800 JavaThread "Reference Handler" daemon [_thread_blocked, id=6284, stack(0x0000002636c00000,0x0000002636d00000)]
  0x0000021fa70d7800 JavaThread "Finalizer" daemon [_thread_blocked, id=4488, stack(0x0000002636d00000,0x0000002636e00000)]
  0x0000021fa70cf000 JavaThread "Signal Dispatcher" daemon [_thread_blocked, id=7096, stack(0x0000002636e00000,0x0000002636f00000)]
  0x0000021fa70d0000 JavaThread "Attach Listener" daemon [_thread_blocked, id=8572, stack(0x0000002636f00000,0x0000002637000000)]
  0x0000021fa7122800 JavaThread "C2 CompilerThread0" daemon [_thread_blocked, id=7020, stack(0x0000002637000000,0x0000002637100000)]
=>0x0000021fa718b000 JavaThread "C2 CompilerThread1" daemon [_thread_in_native, id=7508, stack(0x0000002637100000,0x0000002637200000)]
  0x0000021fa718b800 JavaThread "C1 CompilerThread2" daemon [_thread_blocked, id=15600, stack(0x0000002637200000,0x0000002637300000)]
  0x0000021fa718c800 JavaThread "Sweeper thread" daemon [_thread_blocked, id=16224, stack(0x0000002637300000,0x0000002637400000)]
  0x0000021fa7678000 JavaThread "Common-Cleaner" daemon [_thread_blocked, id=15976, stack(0x0000002637400000,0x0000002637500000)]
  0x0000021fa75e2000 JavaThread "Monitor Ctrl-Break" daemon [_thread_in_native, id=12784, stack(0x0000002637500000,0x0000002637600000)]
  0x0000021fa765d000 JavaThread "Service Thread" daemon [_thread_blocked, id=8064, stack(0x0000002637600000,0x0000002637700000)]

Other Threads:
  0x0000021fa42be800 VMThread "VM Thread" [stack: 0x0000002636b00000,0x0000002636c00000] [id=8024]
  0x0000021fa7750000 WatcherThread [stack: 0x0000002637700000,0x0000002637800000] [id=15008]
  0x0000021fff9e4800 GCTaskThread "GC Thread#0" [stack: 0x0000002636000000,0x0000002636100000] [id=16636]
  0x0000021fff9e6000 GCTaskThread "GC Thread#1" [stack: 0x0000002636100000,0x0000002636200000] [id=15164]
  0x0000021fff9e7800 GCTaskThread "GC Thread#2" [stack: 0x0000002636200000,0x0000002636300000] [id=17628]
  0x0000021fff9ea000 GCTaskThread "GC Thread#3" [stack: 0x0000002636300000,0x0000002636400000] [id=8148]
  0x0000021fffa33800 ConcurrentGCThread "G1 Main Marker" [stack: 0x0000002636400000,0x0000002636500000] [id=3204]
  0x0000021fffa37000 ConcurrentGCThread "G1 Conc#0" [stack: 0x0000002636500000,0x0000002636600000] [id=15180]
  0x0000021fa41ed800 ConcurrentGCThread "G1 Refine#0" [stack: 0x0000002636600000,0x0000002636700000] [id=8624]
  0x0000021fa41ef000 ConcurrentGCThread "G1 Refine#1" [stack: 0x0000002636700000,0x0000002636800000] [id=8020]
  0x0000021fa41f0000 ConcurrentGCThread "G1 Refine#2" [stack: 0x0000002636800000,0x0000002636900000] [id=8152]
  0x0000021fa41f9000 ConcurrentGCThread "G1 Refine#3" [stack: 0x0000002636900000,0x0000002636a00000] [id=17528]
  0x0000021fa41fc000 ConcurrentGCThread "G1 Young RemSet Sampling" [stack: 0x0000002636a00000,0x0000002636b00000] [id=13068]

Threads with active compile tasks:
C2 CompilerThread14817       4       java.time.LocalDateTime::plusSeconds (14 bytes)

VM state:not at safepoint (normal execution)

VM Mutex/Monitor currently owned by a thread: None

Heap address: 0x00000006c0800000, size: 4088 MB, Compressed Oops mode: Zero based, Oop shift amount: 3
Narrow klass base: 0x0000000000000000, Narrow klass shift: 3
Compressed class space size: 1073741824 Address: 0x00000007c0000000

Heap:
 garbage-first heap   total 262144K, used 58970K [0x00000006c0800000, 0x00000007c0000000)
  region size 1024K, 46 young (47104K), 18 survivors (18432K)
 Metaspace       used 30925K, capacity 31498K, committed 31872K, reserved 1077248K
  class space    used 3168K, capacity 3401K, committed 3456K, reserved 1048576K
Heap Regions: E=young(eden), S=young(survivor), O=old, HS=humongous(starts), HC=humongous(continues), CS=collection set, F=free, A=archive, TS=gc time stamp, AC=allocation context, TAMS=top-at-mark-start (previous, next)
|   0|0x00000006c0800000, 0x00000006c0900000, 0x00000006c0900000|100%| O|  |TS  0|AC  0|TAMS 0x00000006c0900000, 0x00000006c0900000|
|   1|0x00000006c0900000, 0x00000006c0a00000, 0x00000006c0a00000|100%| O|  |TS  0|AC  0|TAMS 0x00000006c0a00000, 0x00000006c0a00000|
|   2|0x00000006c0a00000, 0x00000006c0b00000, 0x00000006c0b00000|100%| O|  |TS  0|AC  0|TAMS 0x00000006c0b00000, 0x00000006c0b00000|
|   3|0x00000006c0b00000, 0x00000006c0c00000, 0x00000006c0c00000|100%| O|  |TS  0|AC  0|TAMS 0x00000006c0c00000, 0x00000006c0c00000|
|   4|0x00000006c0c00000, 0x00000006c0d00000, 0x00000006c0d00000|100%| O|  |TS  0|AC  0|TAMS 0x00000006c0d00000, 0x00000006c0d00000|
|   5|0x00000006c0d00000, 0x00000006c0e00000, 0x00000006c0e00000|100%| O|  |TS  0|AC  0|TAMS 0x00000006c0e00000, 0x00000006c0e00000|
|   6|0x00000006c0e00000, 0x00000006c0f00000, 0x00000006c0f00000|100%| O|  |TS  0|AC  0|TAMS 0x00000006c0f00000, 0x00000006c0f00000|
|   7|0x00000006c0f00000, 0x00000006c1000000, 0x00000006c1000000|100%| O|  |TS  0|AC  0|TAMS 0x00000006c1000000, 0x00000006c1000000|
|   8|0x00000006c1000000, 0x00000006c1100000, 0x00000006c1100000|100%| O|  |TS  0|AC  0|TAMS 0x00000006c1100000, 0x00000006c1100000|
|   9|0x00000006c1100000, 0x00000006c1200000, 0x00000006c1200000|100%| O|  |TS  0|AC  0|TAMS 0x00000006c1200000, 0x00000006c1200000|
|  10|0x00000006c1200000, 0x00000006c12e9600, 0x00000006c1300000| 91%| O|  |TS  2|AC  0|TAMS 0x00000006c12e9600, 0x00000006c12e9600|
|  11|0x00000006c1300000, 0x00000006c1300000, 0x00000006c1400000|  0%| F|  |TS  2|AC  0|TAMS 0x00000006c1300000, 0x00000006c1300000|
|  12|0x00000006c1400000, 0x00000006c1500000, 0x00000006c1500000|100%|HS|  |TS  0|AC  0|TAMS 0x00000006c1400000, 0x00000006c1400000|
|  13|0x00000006c1500000, 0x00000006c1600000, 0x00000006c1600000|100%|HS|  |TS  0|AC  0|TAMS 0x00000006c1500000, 0x00000006c1500000|
|  14|0x00000006c1600000, 0x00000006c1600000, 0x00000006c1700000|  0%| F|  |TS  0|AC  0|TAMS 0x00000006c1600000, 0x00000006c1600000|
|  15|0x00000006c1700000, 0x00000006c1700000, 0x00000006c1800000|  0%| F|  |TS  0|AC  0|TAMS 0x00000006c1700000, 0x00000006c1700000|
|  16|0x00000006c1800000, 0x00000006c1800000, 0x00000006c1900000|  0%| F|  |TS  0|AC  0|TAMS 0x00000006c1800000, 0x00000006c1800000|
|  17|0x00000006c1900000, 0x00000006c1900000, 0x00000006c1a00000|  0%| F|  |TS  0|AC  0|TAMS 0x00000006c1900000, 0x00000006c1900000|
|  18|0x00000006c1a00000, 0x00000006c1a00000, 0x00000006c1b00000|  0%| F|  |TS  0|AC  0|TAMS 0x00000006c1a00000, 0x00000006c1a00000|
|  19|0x00000006c1b00000, 0x00000006c1b00000, 0x00000006c1c00000|  0%| F|  |TS  0|AC  0|TAMS 0x00000006c1b00000, 0x00000006c1b00000|
|  20|0x00000006c1c00000, 0x00000006c1c00000, 0x00000006c1d00000|  0%| F|  |TS  0|AC  0|TAMS 0x00000006c1c00000, 0x00000006c1c00000|
|  21|0x00000006c1d00000, 0x00000006c1d00000, 0x00000006c1e00000|  0%| F|  |TS  0|AC  0|TAMS 0x00000006c1d00000, 0x00000006c1d00000|
|  22|0x00000006c1e00000, 0x00000006c1e00000, 0x00000006c1f00000|  0%| F|  |TS  0|AC  0|TAMS 0x00000006c1e00000, 0x00000006c1e00000|
|  23|0x00000006c1f00000, 0x00000006c1f00000, 0x00000006c2000000|  0%| F|  |TS  0|AC  0|TAMS 0x00000006c1f00000, 0x00000006c1f00000|
|  24|0x00000006c2000000, 0x00000006c2000000, 0x00000006c2100000|  0%| F|  |TS  0|AC  0|TAMS 0x00000006c2000000, 0x00000006c2000000|
|  25|0x00000006c2100000, 0x00000006c2100000, 0x00000006c2200000|  0%| F|  |TS  0|AC  0|TAMS 0x00000006c2100000, 0x00000006c2100000|
|  26|0x00000006c2200000, 0x00000006c2200000, 0x00000006c2300000|  0%| F|  |TS  0|AC  0|TAMS 0x00000006c2200000, 0x00000006c2200000|
|  27|0x00000006c2300000, 0x00000006c2300000, 0x00000006c2400000|  0%| F|  |TS  0|AC  0|TAMS 0x00000006c2300000, 0x00000006c2300000|
|  28|0x00000006c2400000, 0x00000006c2400000, 0x00000006c2500000|  0%| F|  |TS  0|AC  0|TAMS 0x00000006c2400000, 0x00000006c2400000|
|  29|0x00000006c2500000, 0x00000006c2500000, 0x00000006c2600000|  0%| F|  |TS  0|AC  0|TAMS 0x00000006c2500000, 0x00000006c2500000|
|  30|0x00000006c2600000, 0x00000006c2600000, 0x00000006c2700000|  0%| F|  |TS  0|AC  0|TAMS 0x00000006c2600000, 0x00000006c2600000|
|  31|0x00000006c2700000, 0x00000006c2700000, 0x00000006c2800000|  0%| F|  |TS  0|AC  0|TAMS 0x00000006c2700000, 0x00000006c2700000|
|  32|0x00000006c2800000, 0x00000006c2800000, 0x00000006c2900000|  0%| F|  |TS  0|AC  0|TAMS 0x00000006c2800000, 0x00000006c2800000|
|  33|0x00000006c2900000, 0x00000006c2900000, 0x00000006c2a00000|  0%| F|  |TS  0|AC  0|TAMS 0x00000006c2900000, 0x00000006c2900000|
|  34|0x00000006c2a00000, 0x00000006c2a00000, 0x00000006c2b00000|  0%| F|  |TS  0|AC  0|TAMS 0x00000006c2a00000, 0x00000006c2a00000|
|  35|0x00000006c2b00000, 0x00000006c2b00000, 0x00000006c2c00000|  0%| F|  |TS  0|AC  0|TAMS 0x00000006c2b00000, 0x00000006c2b00000|
|  36|0x00000006c2c00000, 0x00000006c2c00000, 0x00000006c2d00000|  0%| F|  |TS  0|AC  0|TAMS 0x00000006c2c00000, 0x00000006c2c00000|
|  37|0x00000006c2d00000, 0x00000006c2d00000, 0x00000006c2e00000|  0%| F|  |TS  0|AC  0|TAMS 0x00000006c2d00000, 0x00000006c2d00000|
|  38|0x00000006c2e00000, 0x00000006c2e00000, 0x00000006c2f00000|  0%| F|  |TS  0|AC  0|TAMS 0x00000006c2e00000, 0x00000006c2e00000|
|  39|0x00000006c2f00000, 0x00000006c2f00000, 0x00000006c3000000|  0%| F|  |TS  0|AC  0|TAMS 0x00000006c2f00000, 0x00000006c2f00000|
|  40|0x00000006c3000000, 0x00000006c3000000, 0x00000006c3100000|  0%| F|  |TS  0|AC  0|TAMS 0x00000006c3000000, 0x00000006c3000000|
|  41|0x00000006c3100000, 0x00000006c3100000, 0x00000006c3200000|  0%| F|  |TS  0|AC  0|TAMS 0x00000006c3100000, 0x00000006c3100000|
|  42|0x00000006c3200000, 0x00000006c3200000, 0x00000006c3300000|  0%| F|  |TS  0|AC  0|TAMS 0x00000006c3200000, 0x00000006c3200000|
|  43|0x00000006c3300000, 0x00000006c3300000, 0x00000006c3400000|  0%| F|  |TS  0|AC  0|TAMS 0x00000006c3300000, 0x00000006c3300000|
|  44|0x00000006c3400000, 0x00000006c3400000, 0x00000006c3500000|  0%| F|  |TS  0|AC  0|TAMS 0x00000006c3400000, 0x00000006c3400000|
|  45|0x00000006c3500000, 0x00000006c3500000, 0x00000006c3600000|  0%| F|  |TS  0|AC  0|TAMS 0x00000006c3500000, 0x00000006c3500000|
|  46|0x00000006c3600000, 0x00000006c3600000, 0x00000006c3700000|  0%| F|  |TS  0|AC  0|TAMS 0x00000006c3600000, 0x00000006c3600000|
|  47|0x00000006c3700000, 0x00000006c3700000, 0x00000006c3800000|  0%| F|  |TS  0|AC  0|TAMS 0x00000006c3700000, 0x00000006c3700000|
|  48|0x00000006c3800000, 0x00000006c3800000, 0x00000006c3900000|  0%| F|  |TS  0|AC  0|TAMS 0x00000006c3800000, 0x00000006c3800000|
|  49|0x00000006c3900000, 0x00000006c3900000, 0x00000006c3a00000|  0%| F|  |TS  0|AC  0|TAMS 0x00000006c3900000, 0x00000006c3900000|
|  50|0x00000006c3a00000, 0x00000006c3a00000, 0x00000006c3b00000|  0%| F|  |TS  0|AC  0|TAMS 0x00000006c3a00000, 0x00000006c3a00000|
|  51|0x00000006c3b00000, 0x00000006c3b00000, 0x00000006c3c00000|  0%| F|  |TS  0|AC  0|TAMS 0x00000006c3b00000, 0x00000006c3b00000|
|  52|0x00000006c3c00000, 0x00000006c3c00000, 0x00000006c3d00000|  0%| F|  |TS  0|AC  0|TAMS 0x00000006c3c00000, 0x00000006c3c00000|
|  53|0x00000006c3d00000, 0x00000006c3d00000, 0x00000006c3e00000|  0%| F|  |TS  0|AC  0|TAMS 0x00000006c3d00000, 0x00000006c3d00000|
|  54|0x00000006c3e00000, 0x00000006c3e00000, 0x00000006c3f00000|  0%| F|  |TS  0|AC  0|TAMS 0x00000006c3e00000, 0x00000006c3e00000|
|  55|0x00000006c3f00000, 0x00000006c3f00000, 0x00000006c4000000|  0%| F|  |TS  0|AC  0|TAMS 0x00000006c3f00000, 0x00000006c3f00000|
|  56|0x00000006c4000000, 0x00000006c4000000, 0x00000006c4100000|  0%| F|  |TS  0|AC  0|TAMS 0x00000006c4000000, 0x00000006c4000000|
|  57|0x00000006c4100000, 0x00000006c4100000, 0x00000006c4200000|  0%| F|  |TS  0|AC  0|TAMS 0x00000006c4100000, 0x00000006c4100000|
|  58|0x00000006c4200000, 0x00000006c4200000, 0x00000006c4300000|  0%| F|  |TS  0|AC  0|TAMS 0x00000006c4200000, 0x00000006c4200000|
|  59|0x00000006c4300000, 0x00000006c4300000, 0x00000006c4400000|  0%| F|  |TS  0|AC  0|TAMS 0x00000006c4300000, 0x00000006c4300000|
|  60|0x00000006c4400000, 0x00000006c4400000, 0x00000006c4500000|  0%| F|  |TS  0|AC  0|TAMS 0x00000006c4400000, 0x00000006c4400000|
|  61|0x00000006c4500000, 0x00000006c4500000, 0x00000006c4600000|  0%| F|  |TS  0|AC  0|TAMS 0x00000006c4500000, 0x00000006c4500000|
|  62|0x00000006c4600000, 0x00000006c4600000, 0x00000006c4700000|  0%| F|  |TS  0|AC  0|TAMS 0x00000006c4600000, 0x00000006c4600000|
|  63|0x00000006c4700000, 0x00000006c4700000, 0x00000006c4800000|  0%| F|  |TS  0|AC  0|TAMS 0x00000006c4700000, 0x00000006c4700000|
|  64|0x00000006c4800000, 0x00000006c4800000, 0x00000006c4900000|  0%| F|  |TS  0|AC  0|TAMS 0x00000006c4800000, 0x00000006c4800000|
|  65|0x00000006c4900000, 0x00000006c4900000, 0x00000006c4a00000|  0%| F|  |TS  0|AC  0|TAMS 0x00000006c4900000, 0x00000006c4900000|
|  66|0x00000006c4a00000, 0x00000006c4a00000, 0x00000006c4b00000|  0%| F|  |TS  0|AC  0|TAMS 0x00000006c4a00000, 0x00000006c4a00000|
|  67|0x00000006c4b00000, 0x00000006c4b00000, 0x00000006c4c00000|  0%| F|  |TS  0|AC  0|TAMS 0x00000006c4b00000, 0x00000006c4b00000|
|  68|0x00000006c4c00000, 0x00000006c4c00000, 0x00000006c4d00000|  0%| F|  |TS  0|AC  0|TAMS 0x00000006c4c00000, 0x00000006c4c00000|
|  69|0x00000006c4d00000, 0x00000006c4d00000, 0x00000006c4e00000|  0%| F|  |TS  0|AC  0|TAMS 0x00000006c4d00000, 0x00000006c4d00000|
|  70|0x00000006c4e00000, 0x00000006c4e00000, 0x00000006c4f00000|  0%| F|  |TS  0|AC  0|TAMS 0x00000006c4e00000, 0x00000006c4e00000|
|  71|0x00000006c4f00000, 0x00000006c4f00000, 0x00000006c5000000|  0%| F|  |TS  0|AC  0|TAMS 0x00000006c4f00000, 0x00000006c4f00000|
|  72|0x00000006c5000000, 0x00000006c5000000, 0x00000006c5100000|  0%| F|  |TS  0|AC  0|TAMS 0x00000006c5000000, 0x00000006c5000000|
|  73|0x00000006c5100000, 0x00000006c5100000, 0x00000006c5200000|  0%| F|  |TS  0|AC  0|TAMS 0x00000006c5100000, 0x00000006c5100000|
|  74|0x00000006c5200000, 0x00000006c5200000, 0x00000006c5300000|  0%| F|  |TS  0|AC  0|TAMS 0x00000006c5200000, 0x00000006c5200000|
|  75|0x00000006c5300000, 0x00000006c5300000, 0x00000006c5400000|  0%| F|  |TS  0|AC  0|TAMS 0x00000006c5300000, 0x00000006c5300000|
|  76|0x00000006c5400000, 0x00000006c5400000, 0x00000006c5500000|  0%| F|  |TS  0|AC  0|TAMS 0x00000006c5400000, 0x00000006c5400000|
|  77|0x00000006c5500000, 0x00000006c5500000, 0x00000006c5600000|  0%| F|  |TS  0|AC  0|TAMS 0x00000006c5500000, 0x00000006c5500000|
|  78|0x00000006c5600000, 0x00000006c5600000, 0x00000006c5700000|  0%| F|  |TS  0|AC  0|TAMS 0x00000006c5600000, 0x00000006c5600000|
|  79|0x00000006c5700000, 0x00000006c5700000, 0x00000006c5800000|  0%| F|  |TS  0|AC  0|TAMS 0x00000006c5700000, 0x00000006c5700000|
|  80|0x00000006c5800000, 0x00000006c5800000, 0x00000006c5900000|  0%| F|  |TS  0|AC  0|TAMS 0x00000006c5800000, 0x00000006c5800000|
|  81|0x00000006c5900000, 0x00000006c5900000, 0x00000006c5a00000|  0%| F|  |TS  0|AC  0|TAMS 0x00000006c5900000, 0x00000006c5900000|
|  82|0x00000006c5a00000, 0x00000006c5a00000, 0x00000006c5b00000|  0%| F|  |TS  0|AC  0|TAMS 0x00000006c5a00000, 0x00000006c5a00000|
|  83|0x00000006c5b00000, 0x00000006c5b00000, 0x00000006c5c00000|  0%| F|  |TS  0|AC  0|TAMS 0x00000006c5b00000, 0x00000006c5b00000|
|  84|0x00000006c5c00000, 0x00000006c5c00000, 0x00000006c5d00000|  0%| F|  |TS  0|AC  0|TAMS 0x00000006c5c00000, 0x00000006c5c00000|
|  85|0x00000006c5d00000, 0x00000006c5dad340, 0x00000006c5e00000| 67%| S|CS|TS  2|AC  0|TAMS 0x00000006c5d00000, 0x00000006c5d00000|
|  86|0x00000006c5e00000, 0x00000006c5f00000, 0x00000006c5f00000|100%| S|CS|TS  2|AC  0|TAMS 0x00000006c5e00000, 0x00000006c5e00000|
|  87|0x00000006c5f00000, 0x00000006c6000000, 0x00000006c6000000|100%| S|CS|TS  2|AC  0|TAMS 0x00000006c5f00000, 0x00000006c5f00000|
|  88|0x00000006c6000000, 0x00000006c6100000, 0x00000006c6100000|100%| S|CS|TS  2|AC  0|TAMS 0x00000006c6000000, 0x00000006c6000000|
|  89|0x00000006c6100000, 0x00000006c6200000, 0x00000006c6200000|100%| S|CS|TS  2|AC  0|TAMS 0x00000006c6100000, 0x00000006c6100000|
|  90|0x00000006c6200000, 0x00000006c6300000, 0x00000006c6300000|100%| S|CS|TS  2|AC  0|TAMS 0x00000006c6200000, 0x00000006c6200000|
|  91|0x00000006c6300000, 0x00000006c6400000, 0x00000006c6400000|100%| S|CS|TS  2|AC  0|TAMS 0x00000006c6300000, 0x00000006c6300000|
|  92|0x00000006c6400000, 0x00000006c6500000, 0x00000006c6500000|100%| S|CS|TS  2|AC  0|TAMS 0x00000006c6400000, 0x00000006c6400000|
|  93|0x00000006c6500000, 0x00000006c6600000, 0x00000006c6600000|100%| S|CS|TS  2|AC  0|TAMS 0x00000006c6500000, 0x00000006c6500000|
|  94|0x00000006c6600000, 0x00000006c6700000, 0x00000006c6700000|100%| S|CS|TS  2|AC  0|TAMS 0x00000006c6600000, 0x00000006c6600000|
|  95|0x00000006c6700000, 0x00000006c6800000, 0x00000006c6800000|100%| S|CS|TS  2|AC  0|TAMS 0x00000006c6700000, 0x00000006c6700000|
|  96|0x00000006c6800000, 0x00000006c6900000, 0x00000006c6900000|100%| S|CS|TS  2|AC  0|TAMS 0x00000006c6800000, 0x00000006c6800000|
|  97|0x00000006c6900000, 0x00000006c6a00000, 0x00000006c6a00000|100%| S|CS|TS  2|AC  0|TAMS 0x00000006c6900000, 0x00000006c6900000|
|  98|0x00000006c6a00000, 0x00000006c6b00000, 0x00000006c6b00000|100%| S|CS|TS  2|AC  0|TAMS 0x00000006c6a00000, 0x00000006c6a00000|
|  99|0x00000006c6b00000, 0x00000006c6c00000, 0x00000006c6c00000|100%| S|CS|TS  2|AC  0|TAMS 0x00000006c6b00000, 0x00000006c6b00000|
| 100|0x00000006c6c00000, 0x00000006c6d00000, 0x00000006c6d00000|100%| S|CS|TS  2|AC  0|TAMS 0x00000006c6c00000, 0x00000006c6c00000|
| 101|0x00000006c6d00000, 0x00000006c6e00000, 0x00000006c6e00000|100%| S|CS|TS  2|AC  0|TAMS 0x00000006c6d00000, 0x00000006c6d00000|
| 102|0x00000006c6e00000, 0x00000006c6f00000, 0x00000006c6f00000|100%| S|CS|TS  2|AC  0|TAMS 0x00000006c6e00000, 0x00000006c6e00000|
| 103|0x00000006c6f00000, 0x00000006c6f00000, 0x00000006c7000000|  0%| F|  |TS  2|AC  0|TAMS 0x00000006c6f00000, 0x00000006c6f00000|
| 104|0x00000006c7000000, 0x00000006c7000000, 0x00000006c7100000|  0%| F|  |TS  2|AC  0|TAMS 0x00000006c7000000, 0x00000006c7000000|
| 105|0x00000006c7100000, 0x00000006c7100000, 0x00000006c7200000|  0%| F|  |TS  2|AC  0|TAMS 0x00000006c7100000, 0x00000006c7100000|
| 106|0x00000006c7200000, 0x00000006c7200000, 0x00000006c7300000|  0%| F|  |TS  2|AC  0|TAMS 0x00000006c7200000, 0x00000006c7200000|
| 107|0x00000006c7300000, 0x00000006c7300000, 0x00000006c7400000|  0%| F|  |TS  2|AC  0|TAMS 0x00000006c7300000, 0x00000006c7300000|
| 108|0x00000006c7400000, 0x00000006c7400000, 0x00000006c7500000|  0%| F|  |TS  2|AC  0|TAMS 0x00000006c7400000, 0x00000006c7400000|
| 109|0x00000006c7500000, 0x00000006c7500000, 0x00000006c7600000|  0%| F|  |TS  2|AC  0|TAMS 0x00000006c7500000, 0x00000006c7500000|
| 110|0x00000006c7600000, 0x00000006c7600000, 0x00000006c7700000|  0%| F|  |TS  2|AC  0|TAMS 0x00000006c7600000, 0x00000006c7600000|
| 111|0x00000006c7700000, 0x00000006c7700000, 0x00000006c7800000|  0%| F|  |TS  2|AC  0|TAMS 0x00000006c7700000, 0x00000006c7700000|
| 112|0x00000006c7800000, 0x00000006c7800000, 0x00000006c7900000|  0%| F|  |TS  2|AC  0|TAMS 0x00000006c7800000, 0x00000006c7800000|
| 113|0x00000006c7900000, 0x00000006c7900000, 0x00000006c7a00000|  0%| F|  |TS  2|AC  0|TAMS 0x00000006c7900000, 0x00000006c7900000|
| 114|0x00000006c7a00000, 0x00000006c7a00000, 0x00000006c7b00000|  0%| F|  |TS  2|AC  0|TAMS 0x00000006c7a00000, 0x00000006c7a00000|
| 115|0x00000006c7b00000, 0x00000006c7b00000, 0x00000006c7c00000|  0%| F|  |TS  2|AC  0|TAMS 0x00000006c7b00000, 0x00000006c7b00000|
| 116|0x00000006c7c00000, 0x00000006c7c00000, 0x00000006c7d00000|  0%| F|  |TS  2|AC  0|TAMS 0x00000006c7c00000, 0x00000006c7c00000|
| 117|0x00000006c7d00000, 0x00000006c7d00000, 0x00000006c7e00000|  0%| F|  |TS  2|AC  0|TAMS 0x00000006c7d00000, 0x00000006c7d00000|
| 118|0x00000006c7e00000, 0x00000006c7e00000, 0x00000006c7f00000|  0%| F|  |TS  2|AC  0|TAMS 0x00000006c7e00000, 0x00000006c7e00000|
| 119|0x00000006c7f00000, 0x00000006c7f00000, 0x00000006c8000000|  0%| F|  |TS  2|AC  0|TAMS 0x00000006c7f00000, 0x00000006c7f00000|
| 120|0x00000006c8000000, 0x00000006c8000000, 0x00000006c8100000|  0%| F|  |TS  2|AC  0|TAMS 0x00000006c8000000, 0x00000006c8000000|
| 121|0x00000006c8100000, 0x00000006c8100000, 0x00000006c8200000|  0%| F|  |TS  2|AC  0|TAMS 0x00000006c8100000, 0x00000006c8100000|
| 122|0x00000006c8200000, 0x00000006c8200000, 0x00000006c8300000|  0%| F|  |TS  2|AC  0|TAMS 0x00000006c8200000, 0x00000006c8200000|
| 123|0x00000006c8300000, 0x00000006c8300000, 0x00000006c8400000|  0%| F|  |TS  2|AC  0|TAMS 0x00000006c8300000, 0x00000006c8300000|
| 124|0x00000006c8400000, 0x00000006c8400000, 0x00000006c8500000|  0%| F|  |TS  2|AC  0|TAMS 0x00000006c8400000, 0x00000006c8400000|
| 125|0x00000006c8500000, 0x00000006c8500000, 0x00000006c8600000|  0%| F|  |TS  2|AC  0|TAMS 0x00000006c8500000, 0x00000006c8500000|
| 126|0x00000006c8600000, 0x00000006c8600000, 0x00000006c8700000|  0%| F|  |TS  2|AC  0|TAMS 0x00000006c8600000, 0x00000006c8600000|
| 127|0x00000006c8700000, 0x00000006c8700000, 0x00000006c8800000|  0%| F|  |TS  2|AC  0|TAMS 0x00000006c8700000, 0x00000006c8700000|
| 128|0x00000006c8800000, 0x00000006c8800000, 0x00000006c8900000|  0%| F|  |TS  2|AC  0|TAMS 0x00000006c8800000, 0x00000006c8800000|
| 129|0x00000006c8900000, 0x00000006c8900000, 0x00000006c8a00000|  0%| F|  |TS  2|AC  0|TAMS 0x00000006c8900000, 0x00000006c8900000|
| 130|0x00000006c8a00000, 0x00000006c8a00000, 0x00000006c8b00000|  0%| F|  |TS  2|AC  0|TAMS 0x00000006c8a00000, 0x00000006c8a00000|
| 131|0x00000006c8b00000, 0x00000006c8b00000, 0x00000006c8c00000|  0%| F|  |TS  2|AC  0|TAMS 0x00000006c8b00000, 0x00000006c8b00000|
| 132|0x00000006c8c00000, 0x00000006c8c00000, 0x00000006c8d00000|  0%| F|  |TS  2|AC  0|TAMS 0x00000006c8c00000, 0x00000006c8c00000|
| 133|0x00000006c8d00000, 0x00000006c8d00000, 0x00000006c8e00000|  0%| F|  |TS  2|AC  0|TAMS 0x00000006c8d00000, 0x00000006c8d00000|
| 134|0x00000006c8e00000, 0x00000006c8e00000, 0x00000006c8f00000|  0%| F|  |TS  2|AC  0|TAMS 0x00000006c8e00000, 0x00000006c8e00000|
| 135|0x00000006c8f00000, 0x00000006c8f00000, 0x00000006c9000000|  0%| F|  |TS  2|AC  0|TAMS 0x00000006c8f00000, 0x00000006c8f00000|
| 136|0x00000006c9000000, 0x00000006c9000000, 0x00000006c9100000|  0%| F|  |TS  2|AC  0|TAMS 0x00000006c9000000, 0x00000006c9000000|
| 137|0x00000006c9100000, 0x00000006c9100000, 0x00000006c9200000|  0%| F|  |TS  2|AC  0|TAMS 0x00000006c9100000, 0x00000006c9100000|
| 138|0x00000006c9200000, 0x00000006c9200000, 0x00000006c9300000|  0%| F|  |TS  2|AC  0|TAMS 0x00000006c9200000, 0x00000006c9200000|
| 139|0x00000006c9300000, 0x00000006c9300000, 0x00000006c9400000|  0%| F|  |TS  2|AC  0|TAMS 0x00000006c9300000, 0x00000006c9300000|
| 140|0x00000006c9400000, 0x00000006c9400000, 0x00000006c9500000|  0%| F|  |TS  2|AC  0|TAMS 0x00000006c9400000, 0x00000006c9400000|
| 141|0x00000006c9500000, 0x00000006c9500000, 0x00000006c9600000|  0%| F|  |TS  2|AC  0|TAMS 0x00000006c9500000, 0x00000006c9500000|
| 142|0x00000006c9600000, 0x00000006c9600000, 0x00000006c9700000|  0%| F|  |TS  2|AC  0|TAMS 0x00000006c9600000, 0x00000006c9600000|
| 143|0x00000006c9700000, 0x00000006c9700000, 0x00000006c9800000|  0%| F|  |TS  2|AC  0|TAMS 0x00000006c9700000, 0x00000006c9700000|
| 144|0x00000006c9800000, 0x00000006c9800000, 0x00000006c9900000|  0%| F|  |TS  2|AC  0|TAMS 0x00000006c9800000, 0x00000006c9800000|
| 145|0x00000006c9900000, 0x00000006c9900000, 0x00000006c9a00000|  0%| F|  |TS  2|AC  0|TAMS 0x00000006c9900000, 0x00000006c9900000|
| 146|0x00000006c9a00000, 0x00000006c9a00000, 0x00000006c9b00000|  0%| F|  |TS  2|AC  0|TAMS 0x00000006c9a00000, 0x00000006c9a00000|
| 147|0x00000006c9b00000, 0x00000006c9b00000, 0x00000006c9c00000|  0%| F|  |TS  2|AC  0|TAMS 0x00000006c9b00000, 0x00000006c9b00000|
| 148|0x00000006c9c00000, 0x00000006c9c00000, 0x00000006c9d00000|  0%| F|  |TS  2|AC  0|TAMS 0x00000006c9c00000, 0x00000006c9c00000|
| 149|0x00000006c9d00000, 0x00000006c9d00000, 0x00000006c9e00000|  0%| F|  |TS  2|AC  0|TAMS 0x00000006c9d00000, 0x00000006c9d00000|
| 150|0x00000006c9e00000, 0x00000006c9e00000, 0x00000006c9f00000|  0%| F|  |TS  2|AC  0|TAMS 0x00000006c9e00000, 0x00000006c9e00000|
| 151|0x00000006c9f00000, 0x00000006c9f00000, 0x00000006ca000000|  0%| F|  |TS  2|AC  0|TAMS 0x00000006c9f00000, 0x00000006c9f00000|
| 152|0x00000006ca000000, 0x00000006ca000000, 0x00000006ca100000|  0%| F|  |TS  2|AC  0|TAMS 0x00000006ca000000, 0x00000006ca000000|
| 153|0x00000006ca100000, 0x00000006ca100000, 0x00000006ca200000|  0%| F|  |TS  2|AC  0|TAMS 0x00000006ca100000, 0x00000006ca100000|
| 154|0x00000006ca200000, 0x00000006ca200000, 0x00000006ca300000|  0%| F|  |TS  2|AC  0|TAMS 0x00000006ca200000, 0x00000006ca200000|
| 155|0x00000006ca300000, 0x00000006ca300000, 0x00000006ca400000|  0%| F|  |TS  2|AC  0|TAMS 0x00000006ca300000, 0x00000006ca300000|
| 156|0x00000006ca400000, 0x00000006ca400000, 0x00000006ca500000|  0%| F|  |TS  2|AC  0|TAMS 0x00000006ca400000, 0x00000006ca400000|
| 157|0x00000006ca500000, 0x00000006ca500000, 0x00000006ca600000|  0%| F|  |TS  2|AC  0|TAMS 0x00000006ca500000, 0x00000006ca500000|
| 158|0x00000006ca600000, 0x00000006ca600000, 0x00000006ca700000|  0%| F|  |TS  2|AC  0|TAMS 0x00000006ca600000, 0x00000006ca600000|
| 159|0x00000006ca700000, 0x00000006ca700000, 0x00000006ca800000|  0%| F|  |TS  2|AC  0|TAMS 0x00000006ca700000, 0x00000006ca700000|
| 160|0x00000006ca800000, 0x00000006ca800000, 0x00000006ca900000|  0%| F|  |TS  2|AC  0|TAMS 0x00000006ca800000, 0x00000006ca800000|
| 161|0x00000006ca900000, 0x00000006ca900000, 0x00000006caa00000|  0%| F|  |TS  2|AC  0|TAMS 0x00000006ca900000, 0x00000006ca900000|
| 162|0x00000006caa00000, 0x00000006caa00000, 0x00000006cab00000|  0%| F|  |TS  2|AC  0|TAMS 0x00000006caa00000, 0x00000006caa00000|
| 163|0x00000006cab00000, 0x00000006cab00000, 0x00000006cac00000|  0%| F|  |TS  2|AC  0|TAMS 0x00000006cab00000, 0x00000006cab00000|
| 164|0x00000006cac00000, 0x00000006cac00000, 0x00000006cad00000|  0%| F|  |TS  2|AC  0|TAMS 0x00000006cac00000, 0x00000006cac00000|
| 165|0x00000006cad00000, 0x00000006cad00000, 0x00000006cae00000|  0%| F|  |TS  2|AC  0|TAMS 0x00000006cad00000, 0x00000006cad00000|
| 166|0x00000006cae00000, 0x00000006cae00000, 0x00000006caf00000|  0%| F|  |TS  2|AC  0|TAMS 0x00000006cae00000, 0x00000006cae00000|
| 167|0x00000006caf00000, 0x00000006caf00000, 0x00000006cb000000|  0%| F|  |TS  2|AC  0|TAMS 0x00000006caf00000, 0x00000006caf00000|
| 168|0x00000006cb000000, 0x00000006cb000000, 0x00000006cb100000|  0%| F|  |TS  2|AC  0|TAMS 0x00000006cb000000, 0x00000006cb000000|
| 169|0x00000006cb100000, 0x00000006cb100000, 0x00000006cb200000|  0%| F|  |TS  2|AC  0|TAMS 0x00000006cb100000, 0x00000006cb100000|
| 170|0x00000006cb200000, 0x00000006cb200000, 0x00000006cb300000|  0%| F|  |TS  2|AC  0|TAMS 0x00000006cb200000, 0x00000006cb200000|
| 171|0x00000006cb300000, 0x00000006cb300000, 0x00000006cb400000|  0%| F|  |TS  2|AC  0|TAMS 0x00000006cb300000, 0x00000006cb300000|
| 172|0x00000006cb400000, 0x00000006cb400000, 0x00000006cb500000|  0%| F|  |TS  2|AC  0|TAMS 0x00000006cb400000, 0x00000006cb400000|
| 173|0x00000006cb500000, 0x00000006cb500000, 0x00000006cb600000|  0%| F|  |TS  2|AC  0|TAMS 0x00000006cb500000, 0x00000006cb500000|
| 174|0x00000006cb600000, 0x00000006cb600000, 0x00000006cb700000|  0%| F|  |TS  2|AC  0|TAMS 0x00000006cb600000, 0x00000006cb600000|
| 175|0x00000006cb700000, 0x00000006cb700000, 0x00000006cb800000|  0%| F|  |TS  2|AC  0|TAMS 0x00000006cb700000, 0x00000006cb700000|
| 176|0x00000006cb800000, 0x00000006cb800000, 0x00000006cb900000|  0%| F|  |TS  2|AC  0|TAMS 0x00000006cb800000, 0x00000006cb800000|
| 177|0x00000006cb900000, 0x00000006cb900000, 0x00000006cba00000|  0%| F|  |TS  2|AC  0|TAMS 0x00000006cb900000, 0x00000006cb900000|
| 178|0x00000006cba00000, 0x00000006cba00000, 0x00000006cbb00000|  0%| F|  |TS  2|AC  0|TAMS 0x00000006cba00000, 0x00000006cba00000|
| 179|0x00000006cbb00000, 0x00000006cbb00000, 0x00000006cbc00000|  0%| F|  |TS  2|AC  0|TAMS 0x00000006cbb00000, 0x00000006cbb00000|
| 180|0x00000006cbc00000, 0x00000006cbc00000, 0x00000006cbd00000|  0%| F|  |TS  2|AC  0|TAMS 0x00000006cbc00000, 0x00000006cbc00000|
| 181|0x00000006cbd00000, 0x00000006cbd00000, 0x00000006cbe00000|  0%| F|  |TS  2|AC  0|TAMS 0x00000006cbd00000, 0x00000006cbd00000|
| 182|0x00000006cbe00000, 0x00000006cbe00000, 0x00000006cbf00000|  0%| F|  |TS  2|AC  0|TAMS 0x00000006cbe00000, 0x00000006cbe00000|
| 183|0x00000006cbf00000, 0x00000006cbf00000, 0x00000006cc000000|  0%| F|  |TS  2|AC  0|TAMS 0x00000006cbf00000, 0x00000006cbf00000|
| 184|0x00000006cc000000, 0x00000006cc000000, 0x00000006cc100000|  0%| F|  |TS  2|AC  0|TAMS 0x00000006cc000000, 0x00000006cc000000|
| 185|0x00000006cc100000, 0x00000006cc100000, 0x00000006cc200000|  0%| F|  |TS  2|AC  0|TAMS 0x00000006cc100000, 0x00000006cc100000|
| 186|0x00000006cc200000, 0x00000006cc200000, 0x00000006cc300000|  0%| F|  |TS  2|AC  0|TAMS 0x00000006cc200000, 0x00000006cc200000|
| 187|0x00000006cc300000, 0x00000006cc300000, 0x00000006cc400000|  0%| F|  |TS  2|AC  0|TAMS 0x00000006cc300000, 0x00000006cc300000|
| 188|0x00000006cc400000, 0x00000006cc400000, 0x00000006cc500000|  0%| F|  |TS  2|AC  0|TAMS 0x00000006cc400000, 0x00000006cc400000|
| 189|0x00000006cc500000, 0x00000006cc500000, 0x00000006cc600000|  0%| F|  |TS  2|AC  0|TAMS 0x00000006cc500000, 0x00000006cc500000|
| 190|0x00000006cc600000, 0x00000006cc600000, 0x00000006cc700000|  0%| F|  |TS  2|AC  0|TAMS 0x00000006cc600000, 0x00000006cc600000|
| 191|0x00000006cc700000, 0x00000006cc700000, 0x00000006cc800000|  0%| F|  |TS  2|AC  0|TAMS 0x00000006cc700000, 0x00000006cc700000|
| 192|0x00000006cc800000, 0x00000006cc800000, 0x00000006cc900000|  0%| F|  |TS  2|AC  0|TAMS 0x00000006cc800000, 0x00000006cc800000|
| 193|0x00000006cc900000, 0x00000006cc900000, 0x00000006cca00000|  0%| F|  |TS  2|AC  0|TAMS 0x00000006cc900000, 0x00000006cc900000|
| 194|0x00000006cca00000, 0x00000006cca00000, 0x00000006ccb00000|  0%| F|  |TS  2|AC  0|TAMS 0x00000006cca00000, 0x00000006cca00000|
| 195|0x00000006ccb00000, 0x00000006ccb00000, 0x00000006ccc00000|  0%| F|  |TS  2|AC  0|TAMS 0x00000006ccb00000, 0x00000006ccb00000|
| 196|0x00000006ccc00000, 0x00000006ccc00000, 0x00000006ccd00000|  0%| F|  |TS  2|AC  0|TAMS 0x00000006ccc00000, 0x00000006ccc00000|
| 197|0x00000006ccd00000, 0x00000006ccd00000, 0x00000006cce00000|  0%| F|  |TS  2|AC  0|TAMS 0x00000006ccd00000, 0x00000006ccd00000|
| 198|0x00000006cce00000, 0x00000006cce00000, 0x00000006ccf00000|  0%| F|  |TS  2|AC  0|TAMS 0x00000006cce00000, 0x00000006cce00000|
| 199|0x00000006ccf00000, 0x00000006ccf00000, 0x00000006cd000000|  0%| F|  |TS  2|AC  0|TAMS 0x00000006ccf00000, 0x00000006ccf00000|
| 200|0x00000006cd000000, 0x00000006cd000000, 0x00000006cd100000|  0%| F|  |TS  2|AC  0|TAMS 0x00000006cd000000, 0x00000006cd000000|
| 201|0x00000006cd100000, 0x00000006cd100000, 0x00000006cd200000|  0%| F|  |TS  2|AC  0|TAMS 0x00000006cd100000, 0x00000006cd100000|
| 202|0x00000006cd200000, 0x00000006cd200000, 0x00000006cd300000|  0%| F|  |TS  2|AC  0|TAMS 0x00000006cd200000, 0x00000006cd200000|
| 203|0x00000006cd300000, 0x00000006cd300000, 0x00000006cd400000|  0%| F|  |TS  2|AC  0|TAMS 0x00000006cd300000, 0x00000006cd300000|
| 204|0x00000006cd400000, 0x00000006cd400000, 0x00000006cd500000|  0%| F|  |TS  2|AC  0|TAMS 0x00000006cd400000, 0x00000006cd400000|
| 205|0x00000006cd500000, 0x00000006cd500000, 0x00000006cd600000|  0%| F|  |TS  2|AC  0|TAMS 0x00000006cd500000, 0x00000006cd500000|
| 206|0x00000006cd600000, 0x00000006cd600000, 0x00000006cd700000|  0%| F|  |TS  2|AC  0|TAMS 0x00000006cd600000, 0x00000006cd600000|
| 207|0x00000006cd700000, 0x00000006cd700000, 0x00000006cd800000|  0%| F|  |TS  2|AC  0|TAMS 0x00000006cd700000, 0x00000006cd700000|
| 208|0x00000006cd800000, 0x00000006cd800000, 0x00000006cd900000|  0%| F|  |TS  2|AC  0|TAMS 0x00000006cd800000, 0x00000006cd800000|
| 209|0x00000006cd900000, 0x00000006cd900000, 0x00000006cda00000|  0%| F|  |TS  2|AC  0|TAMS 0x00000006cd900000, 0x00000006cd900000|
| 210|0x00000006cda00000, 0x00000006cda00000, 0x00000006cdb00000|  0%| F|  |TS  2|AC  0|TAMS 0x00000006cda00000, 0x00000006cda00000|
| 211|0x00000006cdb00000, 0x00000006cdb00000, 0x00000006cdc00000|  0%| F|  |TS  2|AC  0|TAMS 0x00000006cdb00000, 0x00000006cdb00000|
| 212|0x00000006cdc00000, 0x00000006cdc00000, 0x00000006cdd00000|  0%| F|  |TS  2|AC  0|TAMS 0x00000006cdc00000, 0x00000006cdc00000|
| 213|0x00000006cdd00000, 0x00000006cdd00000, 0x00000006cde00000|  0%| F|  |TS  2|AC  0|TAMS 0x00000006cdd00000, 0x00000006cdd00000|
| 214|0x00000006cde00000, 0x00000006cde00000, 0x00000006cdf00000|  0%| F|  |TS  2|AC  0|TAMS 0x00000006cde00000, 0x00000006cde00000|
| 215|0x00000006cdf00000, 0x00000006cdf00000, 0x00000006ce000000|  0%| F|  |TS  2|AC  0|TAMS 0x00000006cdf00000, 0x00000006cdf00000|
| 216|0x00000006ce000000, 0x00000006ce000000, 0x00000006ce100000|  0%| F|  |TS  2|AC  0|TAMS 0x00000006ce000000, 0x00000006ce000000|
| 217|0x00000006ce100000, 0x00000006ce100000, 0x00000006ce200000|  0%| F|  |TS  2|AC  0|TAMS 0x00000006ce100000, 0x00000006ce100000|
| 218|0x00000006ce200000, 0x00000006ce200000, 0x00000006ce300000|  0%| F|  |TS  2|AC  0|TAMS 0x00000006ce200000, 0x00000006ce200000|
| 219|0x00000006ce300000, 0x00000006ce300000, 0x00000006ce400000|  0%| F|  |TS  2|AC  0|TAMS 0x00000006ce300000, 0x00000006ce300000|
| 220|0x00000006ce400000, 0x00000006ce400000, 0x00000006ce500000|  0%| F|  |TS  2|AC  0|TAMS 0x00000006ce400000, 0x00000006ce400000|
| 221|0x00000006ce500000, 0x00000006ce500000, 0x00000006ce600000|  0%| F|  |TS  2|AC  0|TAMS 0x00000006ce500000, 0x00000006ce500000|
| 222|0x00000006ce600000, 0x00000006ce600000, 0x00000006ce700000|  0%| F|  |TS  2|AC  0|TAMS 0x00000006ce600000, 0x00000006ce600000|
| 223|0x00000006ce700000, 0x00000006ce700000, 0x00000006ce800000|  0%| F|  |TS  2|AC  0|TAMS 0x00000006ce700000, 0x00000006ce700000|
| 224|0x00000006ce800000, 0x00000006ce800000, 0x00000006ce900000|  0%| F|  |TS  2|AC  0|TAMS 0x00000006ce800000, 0x00000006ce800000|
| 225|0x00000006ce900000, 0x00000006ce900000, 0x00000006cea00000|  0%| F|  |TS  2|AC  0|TAMS 0x00000006ce900000, 0x00000006ce900000|
| 226|0x00000006cea00000, 0x00000006cea00000, 0x00000006ceb00000|  0%| F|  |TS  2|AC  0|TAMS 0x00000006cea00000, 0x00000006cea00000|
| 227|0x00000006ceb00000, 0x00000006ceb80800, 0x00000006cec00000| 50%| E|  |TS  2|AC  0|TAMS 0x00000006ceb00000, 0x00000006ceb00000|
| 228|0x00000006cec00000, 0x00000006ced00000, 0x00000006ced00000|100%| E|CS|TS  2|AC  0|TAMS 0x00000006cec00000, 0x00000006cec00000|
| 229|0x00000006ced00000, 0x00000006cee00000, 0x00000006cee00000|100%| E|CS|TS  2|AC  0|TAMS 0x00000006ced00000, 0x00000006ced00000|
| 230|0x00000006cee00000, 0x00000006cef00000, 0x00000006cef00000|100%| E|CS|TS  2|AC  0|TAMS 0x00000006cee00000, 0x00000006cee00000|
| 231|0x00000006cef00000, 0x00000006cf000000, 0x00000006cf000000|100%| E|CS|TS  2|AC  0|TAMS 0x00000006cef00000, 0x00000006cef00000|
| 232|0x00000006cf000000, 0x00000006cf100000, 0x00000006cf100000|100%| E|CS|TS  2|AC  0|TAMS 0x00000006cf000000, 0x00000006cf000000|
| 233|0x00000006cf100000, 0x00000006cf200000, 0x00000006cf200000|100%| E|CS|TS  2|AC  0|TAMS 0x00000006cf100000, 0x00000006cf100000|
| 234|0x00000006cf200000, 0x00000006cf300000, 0x00000006cf300000|100%| E|CS|TS  2|AC  0|TAMS 0x00000006cf200000, 0x00000006cf200000|
| 235|0x00000006cf300000, 0x00000006cf400000, 0x00000006cf400000|100%| E|CS|TS  2|AC  0|TAMS 0x00000006cf300000, 0x00000006cf300000|
| 236|0x00000006cf400000, 0x00000006cf500000, 0x00000006cf500000|100%| E|CS|TS  2|AC  0|TAMS 0x00000006cf400000, 0x00000006cf400000|
| 237|0x00000006cf500000, 0x00000006cf600000, 0x00000006cf600000|100%| E|CS|TS  2|AC  0|TAMS 0x00000006cf500000, 0x00000006cf500000|
| 238|0x00000006cf600000, 0x00000006cf700000, 0x00000006cf700000|100%| E|CS|TS  2|AC  0|TAMS 0x00000006cf600000, 0x00000006cf600000|
| 239|0x00000006cf700000, 0x00000006cf800000, 0x00000006cf800000|100%| E|CS|TS  2|AC  0|TAMS 0x00000006cf700000, 0x00000006cf700000|
| 240|0x00000006cf800000, 0x00000006cf900000, 0x00000006cf900000|100%| E|CS|TS  2|AC  0|TAMS 0x00000006cf800000, 0x00000006cf800000|
| 241|0x00000006cf900000, 0x00000006cfa00000, 0x00000006cfa00000|100%| E|CS|TS  2|AC  0|TAMS 0x00000006cf900000, 0x00000006cf900000|
| 242|0x00000006cfa00000, 0x00000006cfb00000, 0x00000006cfb00000|100%| E|CS|TS  2|AC  0|TAMS 0x00000006cfa00000, 0x00000006cfa00000|
| 243|0x00000006cfb00000, 0x00000006cfc00000, 0x00000006cfc00000|100%| E|CS|TS  2|AC  0|TAMS 0x00000006cfb00000, 0x00000006cfb00000|
| 244|0x00000006cfc00000, 0x00000006cfd00000, 0x00000006cfd00000|100%| E|CS|TS  2|AC  0|TAMS 0x00000006cfc00000, 0x00000006cfc00000|
| 245|0x00000006cfd00000, 0x00000006cfe00000, 0x00000006cfe00000|100%| E|CS|TS  2|AC  0|TAMS 0x00000006cfd00000, 0x00000006cfd00000|
| 246|0x00000006cfe00000, 0x00000006cff00000, 0x00000006cff00000|100%| E|CS|TS  2|AC  0|TAMS 0x00000006cfe00000, 0x00000006cfe00000|
| 247|0x00000006cff00000, 0x00000006d0000000, 0x00000006d0000000|100%| E|CS|TS  2|AC  0|TAMS 0x00000006cff00000, 0x00000006cff00000|
| 248|0x00000006d0000000, 0x00000006d0100000, 0x00000006d0100000|100%| E|CS|TS  2|AC  0|TAMS 0x00000006d0000000, 0x00000006d0000000|
| 249|0x00000006d0100000, 0x00000006d0200000, 0x00000006d0200000|100%| E|CS|TS  2|AC  0|TAMS 0x00000006d0100000, 0x00000006d0100000|
| 250|0x00000006d0200000, 0x00000006d0300000, 0x00000006d0300000|100%| E|CS|TS  2|AC  0|TAMS 0x00000006d0200000, 0x00000006d0200000|
| 251|0x00000006d0300000, 0x00000006d0400000, 0x00000006d0400000|100%| E|CS|TS  2|AC  0|TAMS 0x00000006d0300000, 0x00000006d0300000|
| 252|0x00000006d0400000, 0x00000006d0500000, 0x00000006d0500000|100%| E|CS|TS  2|AC  0|TAMS 0x00000006d0400000, 0x00000006d0400000|
| 253|0x00000006d0500000, 0x00000006d0600000, 0x00000006d0600000|100%| E|CS|TS  2|AC  0|TAMS 0x00000006d0500000, 0x00000006d0500000|
| 254|0x00000006d0600000, 0x00000006d0700000, 0x00000006d0700000|100%| E|CS|TS  2|AC  0|TAMS 0x00000006d0600000, 0x00000006d0600000|
| 255|0x00000006d0700000, 0x00000006d0800000, 0x00000006d0800000|100%| E|CS|TS  2|AC  0|TAMS 0x00000006d0700000, 0x00000006d0700000|

Card table byte_map: [0x0000021f9b100000,0x0000021f9b900000] byte_map_base: 0x0000021f97afc000

Marking Bits (Prev, Next): (CMBitMap*) 0x0000021fffa32f48, (CMBitMap*) 0x0000021fffa32f10
 Prev Bits: [0x0000021fa00e0000, 0x0000021fa40c0000)
 Next Bits: [0x0000021f9c100000, 0x0000021fa00e0000)

Polling page: 0x0000021f80000000

CodeHeap 'non-profiled nmethods': size=120064Kb used=3109Kb max_used=3109Kb free=116954Kb
 bounds [0x0000021f92d90000, 0x0000021f930a0000, 0x0000021f9a2d0000]
CodeHeap 'profiled nmethods': size=120000Kb used=10699Kb max_used=10699Kb free=109300Kb
 bounds [0x0000021f8b860000, 0x0000021f8c2e0000, 0x0000021f92d90000]
CodeHeap 'non-nmethods': size=5696Kb used=1128Kb max_used=1176Kb free=4567Kb
 bounds [0x0000021f8b2d0000, 0x0000021f8b540000, 0x0000021f8b860000]
 total_blobs=6502 nmethods=4814 adapters=364
 compilation: enabled

Compilation events (10 events):
Event: 7.213 Thread 0x0000021fa718b800 nmethod 4815 0x0000021f8c2cc290 code [0x0000021f8c2cc4a0, 0x0000021f8c2cca70]
Event: 7.221 Thread 0x0000021fa718b800 4816       3       java.time.zone.ZoneRules::findOffsetInfo (74 bytes)
Event: 7.221 Thread 0x0000021fa718b000 4817       4       java.time.LocalDateTime::plusSeconds (14 bytes)
Event: 7.222 Thread 0x0000021fa718b800 nmethod 4816 0x0000021f8c2ccc90 code [0x0000021f8c2cd040, 0x0000021f8c2ce7a0]
Event: 7.222 Thread 0x0000021fa718b800 4818       3       java.time.zone.ZoneRules::getOffset (26 bytes)
Event: 7.223 Thread 0x0000021fa718b800 nmethod 4818 0x0000021f8c2cef10 code [0x0000021f8c2cf100, 0x0000021f8c2cf5b0]
Event: 7.223 Thread 0x0000021fa718b800 4819       3       java.time.zone.ZoneRules::getOffsetInfo (278 bytes)
Event: 7.223 Thread 0x0000021fa7122800 4820       4       java.time.LocalDateTime::getYear (8 bytes)
Event: 7.223 Thread 0x0000021fa7122800 nmethod 4820 0x0000021f93098a90 code [0x0000021f93098c20, 0x0000021f93098c98]
Event: 7.223 Thread 0x0000021fa718b800 nmethod 4819 0x0000021f8c2cf690 code [0x0000021f8c2cf9a0, 0x0000021f8c2d0a80]

GC Heap History (10 events):
Event: 1.528 GC heap before
{Heap before GC invocations=2 (full 0):
 garbage-first heap   total 262144K, used 32589K [0x00000006c0800000, 0x00000007c0000000)
  region size 1024K, 29 young (29696K), 1 survivors (1024K)
 Metaspace       used 17196K, capacity 17513K, committed 17792K, reserved 1064960K
  class space    used 1798K, capacity 1899K, committed 1920K, reserved 1048576K
}
Event: 1.531 GC heap after
{Heap after GC invocations=3 (full 0):
 garbage-first heap   total 262144K, used 5255K [0x00000006c0800000, 0x00000007c0000000)
  region size 1024K, 2 young (2048K), 2 survivors (2048K)
 Metaspace       used 17196K, capacity 17513K, committed 17792K, reserved 1064960K
  class space    used 1798K, capacity 1899K, committed 1920K, reserved 1048576K
}
Event: 2.419 GC heap before
{Heap before GC invocations=3 (full 0):
 garbage-first heap   total 262144K, used 53383K [0x00000006c0800000, 0x00000007c0000000)
  region size 1024K, 49 young (50176K), 2 survivors (2048K)
 Metaspace       used 20678K, capacity 21022K, committed 21248K, reserved 1069056K
  class space    used 2114K, capacity 2242K, committed 2304K, reserved 1048576K
}
Event: 2.429 GC heap after
{Heap after GC invocations=4 (full 0):
 garbage-first heap   total 262144K, used 11165K [0x00000006c0800000, 0x00000007c0000000)
  region size 1024K, 7 young (7168K), 7 survivors (7168K)
 Metaspace       used 20678K, capacity 21022K, committed 21248K, reserved 1069056K
  class space    used 2114K, capacity 2242K, committed 2304K, reserved 1048576K
}
Event: 2.433 GC heap before
{Heap before GC invocations=4 (full 0):
 garbage-first heap   total 262144K, used 11165K [0x00000006c0800000, 0x00000007c0000000)
  region size 1024K, 8 young (8192K), 7 survivors (7168K)
 Metaspace       used 20683K, capacity 21022K, committed 21248K, reserved 1069056K
  class space    used 2114K, capacity 2242K, committed 2304K, reserved 1048576K
}
Event: 2.440 GC heap after
{Heap after GC invocations=5 (full 0):
 garbage-first heap   total 262144K, used 12197K [0x00000006c0800000, 0x00000007c0000000)
  region size 1024K, 1 young (1024K), 1 survivors (1024K)
 Metaspace       used 20683K, capacity 21022K, committed 21248K, reserved 1069056K
  class space    used 2114K, capacity 2242K, committed 2304K, reserved 1048576K
}
Event: 2.953 GC heap before
{Heap before GC invocations=6 (full 0):
 garbage-first heap   total 262144K, used 63397K [0x00000006c0800000, 0x00000007c0000000)
  region size 1024K, 51 young (52224K), 1 survivors (1024K)
 Metaspace       used 21162K, capacity 21526K, committed 21760K, reserved 1069056K
  class space    used 2144K, capacity 2278K, committed 2304K, reserved 1048576K
}
Event: 2.958 GC heap after
{Heap after GC invocations=7 (full 0):
 garbage-first heap   total 262144K, used 17016K [0x00000006c0800000, 0x00000007c0000000)
  region size 1024K, 6 young (6144K), 6 survivors (6144K)
 Metaspace       used 21162K, capacity 21526K, committed 21760K, reserved 1069056K
  class space    used 2144K, capacity 2278K, committed 2304K, reserved 1048576K
}
Event: 6.656 GC heap before
{Heap before GC invocations=7 (full 0):
 garbage-first heap   total 262144K, used 170616K [0x00000006c0800000, 0x00000007c0000000)
  region size 1024K, 153 young (156672K), 6 survivors (6144K)
 Metaspace       used 30899K, capacity 31497K, committed 31872K, reserved 1077248K
  class space    used 3168K, capacity 3401K, committed 3456K, reserved 1048576K
}
Event: 6.669 GC heap after
{Heap after GC invocations=8 (full 0):
 garbage-first heap   total 262144K, used 31322K [0x00000006c0800000, 0x00000007c0000000)
  region size 1024K, 18 young (18432K), 18 survivors (18432K)
 Metaspace       used 30899K, capacity 31497K, committed 31872K, reserved 1077248K
  class space    used 3168K, capacity 3401K, committed 3456K, reserved 1048576K
}

Deoptimization events (10 events):
Event: 4.913 Thread 0x0000021fff9ca000 Uncommon trap: reason=unstable_if action=reinterpret pc=0x0000021f92fc5de8 method=com.google.inject.internal.InjectorImpl.callInContext(Lcom/google/inject/internal/ContextualCallable;)Ljava/lang/Object; @ 161 c2
Event: 5.301 Thread 0x0000021fff9ca000 Uncommon trap: reason=unstable_if action=reinterpret pc=0x0000021f9302a238 method=java.util.jar.Manifest$FastInputStream.readLine([BII)I @ 87 c2
Event: 5.539 Thread 0x0000021fff9ca000 Uncommon trap: reason=unstable_if action=reinterpret pc=0x0000021f9302b7f4 method=java.util.jar.Attributes$Name.isDigit(C)Z @ 3 c2
Event: 6.000 Thread 0x0000021fff9ca000 Uncommon trap: reason=unstable_if action=reinterpret pc=0x0000021f92e959fc method=java.util.regex.Pattern$BmpCharPropertyGreedy.match(Ljava/util/regex/Matcher;ILjava/lang/CharSequence;)Z @ 73 c2
Event: 6.021 Thread 0x0000021fff9ca000 Uncommon trap: reason=unstable_if action=reinterpret pc=0x0000021f92f2cc10 method=java.lang.CharacterDataLatin1.digit(II)I @ 60 c2
Event: 6.809 Thread 0x0000021fff9ca000 Uncommon trap: reason=null_check action=make_not_entrant pc=0x0000021f93071c18 method=java.time.zone.ZoneRules.findTransitionArray(I)[Ljava/time/zone/ZoneOffsetTransition; @ 15 c2
Event: 6.809 Thread 0x0000021fff9ca000 Uncommon trap: reason=unstable_if action=reinterpret pc=0x0000021f9306710c method=java.time.LocalDate.plusDays(J)Ljava/time/LocalDate; @ 3 c2
Event: 7.221 Thread 0x0000021fff9ca000 Uncommon trap: reason=unstable_if action=reinterpret pc=0x0000021f93068830 method=java.time.LocalDateTime.compareTo0(Ljava/time/LocalDateTime;)I @ 13 c2
Event: 7.221 Thread 0x0000021fff9ca000 Uncommon trap: reason=unstable_if action=reinterpret pc=0x0000021f930952f4 method=java.time.zone.ZoneRules.getOffsetInfo(Ljava/time/LocalDateTime;)Ljava/lang/Object; @ 68 c2
Event: 7.221 Thread 0x0000021fff9ca000 Uncommon trap: reason=unstable_if action=reinterpret pc=0x0000021f93096af4 method=java.time.zone.ZoneRules.getOffsetInfo(Ljava/time/LocalDateTime;)Ljava/lang/Object; @ 68 c2

Classes redefined (0 events):
No events

Internal exceptions (10 events):
Event: 5.665 Thread 0x0000021fff9ca000 Exception <a 'sun/nio/fs/WindowsException'{0x00000006c8d169a8}> (0x00000006c8d169a8) thrown at [t:/workspace/open/src/hotspot/share/prims/jni.cpp, line 611]
Event: 5.666 Thread 0x0000021fff9ca000 Exception <a 'sun/nio/fs/WindowsException'{0x00000006c8d18ea8}> (0x00000006c8d18ea8) thrown at [t:/workspace/open/src/hotspot/share/prims/jni.cpp, line 611]
Event: 5.666 Thread 0x0000021fff9ca000 Exception <a 'sun/nio/fs/WindowsException'{0x00000006c8d190e8}> (0x00000006c8d190e8) thrown at [t:/workspace/open/src/hotspot/share/prims/jni.cpp, line 611]
Event: 5.672 Thread 0x0000021fff9ca000 Exception <a 'java/lang/NoSuchMethodError'{0x00000006c8d24368}: method resolution failed> (0x00000006c8d24368) thrown at [t:/workspace/open/src/hotspot/share/prims/methodHandles.cpp, line 1226]
Event: 5.683 Thread 0x0000021fff9ca000 Exception <a 'java/lang/NoSuchMethodError'{0x00000006c8d2dab0}: java.lang.invoke.DirectMethodHandle$Holder.invokeVirtual(Ljava/lang/Object;Ljava/lang/Object;Ljava/lang/Object;)I> (0x00000006c8d2dab0) thrown at [t:/workspace/open/src/hotspot/share/interpre
Event: 5.683 Thread 0x0000021fff9ca000 Exception <a 'java/lang/NoSuchMethodError'{0x00000006c8d347a0}: java.lang.invoke.DirectMethodHandle$Holder.invokeInterface(Ljava/lang/Object;Ljava/lang/Object;Ljava/lang/Object;)V> (0x00000006c8d347a0) thrown at [t:/workspace/open/src/hotspot/share/interp
Event: 5.759 Thread 0x0000021fff9ca000 Exception <a 'java/lang/NoSuchMethodError'{0x00000006c8c46c50}: java.lang.invoke.DirectMethodHandle$Holder.invokeStaticInit(Ljava/lang/Object;Ljava/lang/Object;)I> (0x00000006c8c46c50) thrown at [t:/workspace/open/src/hotspot/share/interpreter/linkResolve
Event: 5.854 Thread 0x0000021fff9ca000 Exception <a 'java/lang/NoSuchMethodError'{0x00000006c8b12548}: java.lang.invoke.DirectMethodHandle$Holder.invokeVirtual(Ljava/lang/Object;Ljava/lang/Object;)I> (0x00000006c8b12548) thrown at [t:/workspace/open/src/hotspot/share/interpreter/linkResolver.c
Event: 6.524 Thread 0x0000021fff9ca000 Exception <a 'sun/nio/fs/WindowsException'{0x00000006c7fb0468}> (0x00000006c7fb0468) thrown at [t:/workspace/open/src/hotspot/share/prims/jni.cpp, line 611]
Event: 6.808 Thread 0x0000021fff9ca000 Implicit null exception at 0x0000021f93070666 to 0x0000021f93071bc4

Events (10 events):
Event: 7.200 Executing VM operation: ICBufferFull done
Event: 7.221 Thread 0x0000021fff9ca000 Uncommon trap: trap_request=0xffffff55 fr.pc=0x0000021f93068830 relative=0x0000000000000830
Event: 7.221 Thread 0x0000021fff9ca000 DEOPT PACKING pc=0x0000021f93068830 sp=0x0000002635ffcb60
Event: 7.221 Thread 0x0000021fff9ca000 DEOPT UNPACKING pc=0x0000021f8b2f8a2f sp=0x0000002635ffca38 mode 2
Event: 7.221 Thread 0x0000021fff9ca000 Uncommon trap: trap_request=0xffffff55 fr.pc=0x0000021f930952f4 relative=0x00000000000008b4
Event: 7.221 Thread 0x0000021fff9ca000 DEOPT PACKING pc=0x0000021f930952f4 sp=0x0000002635ffcbc0
Event: 7.221 Thread 0x0000021fff9ca000 DEOPT UNPACKING pc=0x0000021f8b2f8a2f sp=0x0000002635ffcb68 mode 2
Event: 7.221 Thread 0x0000021fff9ca000 Uncommon trap: trap_request=0xffffff55 fr.pc=0x0000021f93096af4 relative=0x00000000000008b4
Event: 7.221 Thread 0x0000021fff9ca000 DEOPT PACKING pc=0x0000021f93096af4 sp=0x0000002635ffcec0
Event: 7.221 Thread 0x0000021fff9ca000 DEOPT UNPACKING pc=0x0000021f8b2f8a2f sp=0x0000002635ffcdf8 mode 2


Dynamic libraries:
0x00007ff6b6230000 - 0x00007ff6b626e000 	C:\Program Files\Java\jdk-10.0.1\bin\java.exe
0x00007ff914270000 - 0x00007ff914451000 	C:\WINDOWS\SYSTEM32\ntdll.dll
0x00007ff8f82e0000 - 0x00007ff8f82f2000 	C:\Program Files\AVAST Software\Avast\aswhook.dll
0x00007ff913240000 - 0x00007ff9132f2000 	C:\WINDOWS\System32\KERNEL32.DLL
0x00007ff9110a0000 - 0x00007ff911313000 	C:\WINDOWS\System32\KERNELBASE.dll
0x00007ff913010000 - 0x00007ff9130b1000 	C:\WINDOWS\System32\ADVAPI32.dll
0x00007ff913300000 - 0x00007ff91339e000 	C:\WINDOWS\System32\msvcrt.dll
0x00007ff912fb0000 - 0x00007ff91300b000 	C:\WINDOWS\System32\sechost.dll
0x00007ff913e90000 - 0x00007ff913fb4000 	C:\WINDOWS\System32\RPCRT4.dll
0x00007ff9140b0000 - 0x00007ff914240000 	C:\WINDOWS\System32\USER32.dll
0x00007ff910f20000 - 0x00007ff910f40000 	C:\WINDOWS\System32\win32u.dll
0x00007ff912f80000 - 0x00007ff912fa8000 	C:\WINDOWS\System32\GDI32.dll
0x00007ff911560000 - 0x00007ff9116f2000 	C:\WINDOWS\System32\gdi32full.dll
0x00007ff910dd0000 - 0x00007ff910e6f000 	C:\WINDOWS\System32\msvcp_win.dll
0x00007ff910f40000 - 0x00007ff91103a000 	C:\WINDOWS\System32\ucrtbase.dll
0x00007ff9088f0000 - 0x00007ff908b59000 	C:\WINDOWS\WinSxS\amd64_microsoft.windows.common-controls_6595b64144ccf1df_6.0.17134.523_none_fb409dd930672a56\COMCTL32.dll
0x00007ff913950000 - 0x00007ff913c72000 	C:\WINDOWS\System32\combase.dll
0x00007ff910640000 - 0x00007ff9106ba000 	C:\WINDOWS\System32\bcryptPrimitives.dll
0x00007ff90b4d0000 - 0x00007ff90b4da000 	C:\WINDOWS\SYSTEM32\VERSION.dll
0x00007ff911920000 - 0x00007ff91194d000 	C:\WINDOWS\System32\IMM32.DLL
0x00007ff8e4280000 - 0x00007ff8e436f000 	C:\Program Files\Java\jdk-10.0.1\bin\msvcr120.dll
0x00007ff8e8000000 - 0x00007ff8e80a6000 	C:\Program Files\Java\jdk-10.0.1\bin\msvcp120.dll
0x0000000069760000 - 0x000000006a1d0000 	C:\Program Files\Java\jdk-10.0.1\bin\server\jvm.dll
0x00007ff911910000 - 0x00007ff911918000 	C:\WINDOWS\System32\PSAPI.DLL
0x00007ff901590000 - 0x00007ff901599000 	C:\WINDOWS\SYSTEM32\WSOCK32.dll
0x00007ff913c80000 - 0x00007ff913cec000 	C:\WINDOWS\System32\WS2_32.dll
0x00007ff90cf90000 - 0x00007ff90cfb3000 	C:\WINDOWS\SYSTEM32\WINMM.dll
0x00007ff90cf60000 - 0x00007ff90cf8a000 	C:\WINDOWS\SYSTEM32\WINMMBASE.dll
0x00007ff911320000 - 0x00007ff911369000 	C:\WINDOWS\System32\cfgmgr32.dll
0x00007ff90c2c0000 - 0x00007ff90c2cf000 	C:\Program Files\Java\jdk-10.0.1\bin\verify.dll
0x00007ff900800000 - 0x00007ff9009c9000 	C:\WINDOWS\SYSTEM32\DBGHELP.DLL
0x00007ff9009f0000 - 0x00007ff900a19000 	C:\WINDOWS\SYSTEM32\dbgcore.DLL
0x00007ff8ff1f0000 - 0x00007ff8ff217000 	C:\Program Files\Java\jdk-10.0.1\bin\java.dll
0x00007ff8fb0f0000 - 0x00007ff8fb11a000 	C:\Program Files\Java\jdk-10.0.1\bin\instrument.dll
0x00007ff90b870000 - 0x00007ff90b886000 	C:\Program Files\Java\jdk-10.0.1\bin\zip.dll
0x00007ff90b8e0000 - 0x00007ff90b8ea000 	C:\Program Files\Java\jdk-10.0.1\bin\jimage.dll
0x00007ff911b40000 - 0x00007ff912f80000 	C:\WINDOWS\System32\SHELL32.dll
0x00007ff913190000 - 0x00007ff913239000 	C:\WINDOWS\System32\shcore.dll
0x00007ff9106c0000 - 0x00007ff910dcd000 	C:\WINDOWS\System32\windows.storage.dll
0x00007ff911ad0000 - 0x00007ff911b21000 	C:\WINDOWS\System32\shlwapi.dll
0x00007ff910610000 - 0x00007ff910621000 	C:\WINDOWS\System32\kernel.appcore.dll
0x00007ff9105a0000 - 0x00007ff9105bf000 	C:\WINDOWS\System32\profapi.dll
0x00007ff9105c0000 - 0x00007ff91060c000 	C:\WINDOWS\System32\powrprof.dll
0x00007ff910630000 - 0x00007ff91063a000 	C:\WINDOWS\System32\FLTLIB.DLL
0x00007ff8fef50000 - 0x00007ff8fef6a000 	C:\Program Files\Java\jdk-10.0.1\bin\net.dll
0x00007ff906b80000 - 0x00007ff906c5d000 	C:\WINDOWS\SYSTEM32\WINHTTP.dll
0x00007ff90fe00000 - 0x00007ff90fe66000 	C:\WINDOWS\system32\mswsock.dll
0x00007ff8fee60000 - 0x00007ff8fee71000 	C:\Program Files\Java\jdk-10.0.1\bin\nio.dll
0x00007ff8fb020000 - 0x00007ff8fb03a000 	C:\Program Files\JetBrains\IntelliJ IDEA 2018.2.3\bin\breakgen64.dll

dbghelp: loaded successfully - version: 4.0.5 - missing functions: none
symbol engine: initialized successfully - sym options: 0x614 - pdb path: .;C:\Program Files\Java\jdk-10.0.1\bin;C:\WINDOWS\SYSTEM32;C:\Program Files\AVAST Software\Avast;C:\WINDOWS\WinSxS\amd64_microsoft.windows.common-controls_6595b64144ccf1df_6.0.17134.523_none_fb409dd930672a56;C:\Program Files\Java\jdk-10.0.1\bin\server;C:\Program Files\JetBrains\IntelliJ IDEA 2018.2.3\bin

VM Arguments:
jvm_args: -Dmaven.multiModuleProjectDirectory=F:\JavaIntelliJ2019\apicreator -Dmaven.home=C:\Program Files\JetBrains\IntelliJ IDEA 2018.2.3\plugins\maven\lib\maven3 -Dclassworlds.conf=C:\Program Files\JetBrains\IntelliJ IDEA 2018.2.3\plugins\maven\lib\maven3\bin\m2.conf -javaagent:C:\Program Files\JetBrains\IntelliJ IDEA 2018.2.3\lib\idea_rt.jar=54671:C:\Program Files\JetBrains\IntelliJ IDEA 2018.2.3\bin -Dfile.encoding=UTF-8 
java_command: org.codehaus.classworlds.Launcher -Didea.version=2018.2.3 spring-boot:run
java_class_path (initial): C:\Program Files\JetBrains\IntelliJ IDEA 2018.2.3\plugins\maven\lib\maven3\boot\plexus-classworlds-2.5.2.jar
Launcher Type: SUN_STANDARD

Logging:
Log output configuration:
#0: stdout all=warning uptime,level,tags
#1: stderr all=off uptime,level,tags

Environment Variables:
JAVA_HOME=C:\Program Files\Java\jdk-10.0.1
PATH=C:\Program Files\NVIDIA GPU Computing Toolkit\CUDA\v10.0\bin;C:\Program Files\NVIDIA GPU Computing Toolkit\CUDA\v10.0\libnvvp;C:\Program Files (x86)\Common Files\Oracle\Java\javapath;C:\ProgramData\Oracle\Java\javapath;C:\WINDOWS\system32;C:\WINDOWS;C:\WINDOWS\System32\Wbem;C:\WINDOWS\System32\WindowsPowerShell\v1.0\;C:\Program Files (x86)\ATI Technologies\ATI.ACE\Core-Static;C:\Program Files (x86)\AMD\ATI.ACE\Core-Static;C:\gradle-4.4\bin;C:\Program Files (x86)\NVIDIA Corporation\PhysX\Common;F:\AOMEI Backupper;C:\apache-maven-3.5.3-bin\apache-maven-3.5.3\bin;C:\WINDOWS\system32;C:\WINDOWS;C:\WINDOWS\System32\Wbem;C:\WINDOWS\System32\WindowsPowerShell\v1.0\;C:\WINDOWS\System32\OpenSSH\;C:\Program Files\Git\cmd;C:\Program Files\Java\jdk-10.0.1;C:\Python36;C:\Gradle\gradle-5.1.1\bin;C:\Program Files (x86)\Common Files\Oracle\Java\javapath;C:\ProgramData\Oracle\Java\javapath;C:\WINDOWS\system32;C:\WINDOWS;C:\WINDOWS\System32\Wbem;C:\WINDOWS\System32\WindowsPowerShell\v1.0\;C:\Program Files (x86)\ATI Technologies\ATI.ACE\Core-Static;C:\Program Files (x86)\AMD\ATI.ACE\Core-Static;C:\gradle-4.4\bin;C:\Program Files (x86)\NVIDIA Corporation\PhysX\Common;F:\AOMEI Backupper;C:\apache-maven-3.5.3-bin\apache-maven-3.5.3\bin;C:\WINDOWS\system32;C:\WINDOWS;C:\WINDOWS\System32\Wbem;C:\WINDOWS\System32\WindowsPowerShell\v1.0\;C:\WINDOWS\System32\OpenSSH\;C:\Program Files\Git\cmd;C:\Program Files\Java\jdk-10.0.1;C:\Program Files (x86)\Common Files\Oracle\Java\javapath;C:\ProgramData\Oracle\Java\javapath;C:\WINDOWS\system32;C:\WINDOWS;C:\WINDOWS\System32\Wbem;C:\WINDOWS\System32\WindowsPowerShell\v1.0\;C:\Program Files (x86)\ATI Technologies\ATI.ACE\Core-Static;C:\Program Files (x86)\AMD\ATI.ACE\Core-Static;C:\gradle-4.4\bin;C:\Program Files (x86)\NVIDIA Corporation\PhysX\Common;F:\AOMEI Backupper;C:\a;C:\Python36\Scripts;C:\Python36;C:\Gradle\gradle-5.1.1\bin;
USERNAME=Jarek
OS=Windows_NT
PROCESSOR_IDENTIFIER=Intel64 Family 6 Model 58 Stepping 9, GenuineIntel



---------------  S Y S T E M  ---------------

OS: Windows 10 , 64 bit Build 17134 (10.0.17134.1)

CPU:total 4 (initial active 4) (4 cores per cpu, 1 threads per core) family 6 model 58 stepping 9, cmov, cx8, fxsr, mmx, sse, sse2, sse3, ssse3, sse4.1, sse4.2, popcnt, avx, aes, clmul, erms, tsc, tscinvbit, tscinv

Memory: 4k page, physical 16737808k(6208392k free), swap 19707408k(16336k free)

vm_info: Java HotSpot(TM) 64-Bit Server VM (10.0.1+10) for windows-amd64 JRE (10.0.1+10), built on Mar 27 2018 02:27:48 by "mach5one" with MS VC++ 12.0 (VS2013)

END.
